2023-02-22T15:15:49.308+05:30  INFO 5804 --- [restartedMain] c.lti.demo.LtiSpringbootDemoApplication  : Starting LtiSpringbootDemoApplication using Java 17.0.6 with PID 5804 (D:\Training WorkSpace\SpringBoot\lti-springboot-demo\lti-springboot-demo\target\classes started by 10715878 in D:\Training WorkSpace\SpringBoot\lti-springboot-demo\lti-springboot-demo)
2023-02-22T15:15:49.309+05:30  INFO 5804 --- [restartedMain] c.lti.demo.LtiSpringbootDemoApplication  : No active profile set, falling back to 1 default profile: "default"
2023-02-22T15:15:49.478+05:30  INFO 5804 --- [restartedMain] o.s.b.w.embedded.tomcat.TomcatWebServer  : Tomcat initialized with port(s): 8090 (http)
2023-02-22T15:15:49.479+05:30  INFO 5804 --- [restartedMain] o.apache.catalina.core.StandardService   : Starting service [Tomcat]
2023-02-22T15:15:49.486+05:30  INFO 5804 --- [restartedMain] o.apache.catalina.core.StandardEngine    : Starting Servlet engine: [Apache Tomcat/10.1.5]
2023-02-22T15:15:49.510+05:30  INFO 5804 --- [restartedMain] o.a.c.c.C.[Tomcat-1].[localhost].[/]     : Initializing Spring embedded WebApplicationContext
2023-02-22T15:15:49.511+05:30  INFO 5804 --- [restartedMain] w.s.c.ServletWebServerApplicationContext : Root WebApplicationContext: initialization completed in 198 ms
2023-02-22T15:15:49.519+05:30  WARN 5804 --- [restartedMain] ConfigServletWebServerApplicationContext : Exception encountered during context initialization - cancelling refresh attempt: org.springframework.beans.factory.UnsatisfiedDependencyException: Error creating bean with name 'employeeController': Unsatisfied dependency expressed through field 'empService': Error creating bean with name 'employeeService' defined in file [D:\Training WorkSpace\SpringBoot\lti-springboot-demo\lti-springboot-demo\target\classes\com\lti\demo\service\EmployeeService.class]: Failed to instantiate [com.lti.demo.service.EmployeeService]: Constructor threw exception
2023-02-22T15:15:49.520+05:30  INFO 5804 --- [restartedMain] o.apache.catalina.core.StandardService   : Stopping service [Tomcat]
2023-02-22T15:15:49.526+05:30  INFO 5804 --- [restartedMain] .s.b.a.l.ConditionEvaluationReportLogger : 

Error starting ApplicationContext. To display the condition evaluation report re-run your application with 'debug' enabled.
2023-02-22T15:15:49.534+05:30 ERROR 5804 --- [restartedMain] o.s.boot.SpringApplication               : Application run failed

org.springframework.beans.factory.UnsatisfiedDependencyException: Error creating bean with name 'employeeController': Unsatisfied dependency expressed through field 'empService': Error creating bean with name 'employeeService' defined in file [D:\Training WorkSpace\SpringBoot\lti-springboot-demo\lti-springboot-demo\target\classes\com\lti\demo\service\EmployeeService.class]: Failed to instantiate [com.lti.demo.service.EmployeeService]: Constructor threw exception
	at org.springframework.beans.factory.annotation.AutowiredAnnotationBeanPostProcessor$AutowiredFieldElement.resolveFieldValue(AutowiredAnnotationBeanPostProcessor.java:712) ~[spring-beans-6.0.4.jar:6.0.4]
	at org.springframework.beans.factory.annotation.AutowiredAnnotationBeanPostProcessor$AutowiredFieldElement.inject(AutowiredAnnotationBeanPostProcessor.java:692) ~[spring-beans-6.0.4.jar:6.0.4]
	at org.springframework.beans.factory.annotation.InjectionMetadata.inject(InjectionMetadata.java:133) ~[spring-beans-6.0.4.jar:6.0.4]
	at org.springframework.beans.factory.annotation.AutowiredAnnotationBeanPostProcessor.postProcessProperties(AutowiredAnnotationBeanPostProcessor.java:481) ~[spring-beans-6.0.4.jar:6.0.4]
	at org.springframework.beans.factory.support.AbstractAutowireCapableBeanFactory.populateBean(AbstractAutowireCapableBeanFactory.java:1397) ~[spring-beans-6.0.4.jar:6.0.4]
	at org.springframework.beans.factory.support.AbstractAutowireCapableBeanFactory.doCreateBean(AbstractAutowireCapableBeanFactory.java:598) ~[spring-beans-6.0.4.jar:6.0.4]
	at org.springframework.beans.factory.support.AbstractAutowireCapableBeanFactory.createBean(AbstractAutowireCapableBeanFactory.java:521) ~[spring-beans-6.0.4.jar:6.0.4]
	at org.springframework.beans.factory.support.AbstractBeanFactory.lambda$doGetBean$0(AbstractBeanFactory.java:326) ~[spring-beans-6.0.4.jar:6.0.4]
	at org.springframework.beans.factory.support.DefaultSingletonBeanRegistry.getSingleton(DefaultSingletonBeanRegistry.java:234) ~[spring-beans-6.0.4.jar:6.0.4]
	at org.springframework.beans.factory.support.AbstractBeanFactory.doGetBean(AbstractBeanFactory.java:324) ~[spring-beans-6.0.4.jar:6.0.4]
	at org.springframework.beans.factory.support.AbstractBeanFactory.getBean(AbstractBeanFactory.java:200) ~[spring-beans-6.0.4.jar:6.0.4]
	at org.springframework.beans.factory.support.DefaultListableBeanFactory.preInstantiateSingletons(DefaultListableBeanFactory.java:961) ~[spring-beans-6.0.4.jar:6.0.4]
	at org.springframework.context.support.AbstractApplicationContext.finishBeanFactoryInitialization(AbstractApplicationContext.java:915) ~[spring-context-6.0.4.jar:6.0.4]
	at org.springframework.context.support.AbstractApplicationContext.refresh(AbstractApplicationContext.java:584) ~[spring-context-6.0.4.jar:6.0.4]
	at org.springframework.boot.web.servlet.context.ServletWebServerApplicationContext.refresh(ServletWebServerApplicationContext.java:146) ~[spring-boot-3.0.2.jar:3.0.2]
	at org.springframework.boot.SpringApplication.refresh(SpringApplication.java:730) ~[spring-boot-3.0.2.jar:3.0.2]
	at org.springframework.boot.SpringApplication.refreshContext(SpringApplication.java:432) ~[spring-boot-3.0.2.jar:3.0.2]
	at org.springframework.boot.SpringApplication.run(SpringApplication.java:308) ~[spring-boot-3.0.2.jar:3.0.2]
	at org.springframework.boot.SpringApplication.run(SpringApplication.java:1302) ~[spring-boot-3.0.2.jar:3.0.2]
	at org.springframework.boot.SpringApplication.run(SpringApplication.java:1291) ~[spring-boot-3.0.2.jar:3.0.2]
	at com.lti.demo.LtiSpringbootDemoApplication.main(LtiSpringbootDemoApplication.java:10) ~[classes/:na]
	at java.base/jdk.internal.reflect.NativeMethodAccessorImpl.invoke0(Native Method) ~[na:na]
	at java.base/jdk.internal.reflect.NativeMethodAccessorImpl.invoke(NativeMethodAccessorImpl.java:77) ~[na:na]
	at java.base/jdk.internal.reflect.DelegatingMethodAccessorImpl.invoke(DelegatingMethodAccessorImpl.java:43) ~[na:na]
	at java.base/java.lang.reflect.Method.invoke(Method.java:568) ~[na:na]
	at org.springframework.boot.devtools.restart.RestartLauncher.run(RestartLauncher.java:49) ~[spring-boot-devtools-3.0.2.jar:3.0.2]
Caused by: org.springframework.beans.factory.BeanCreationException: Error creating bean with name 'employeeService' defined in file [D:\Training WorkSpace\SpringBoot\lti-springboot-demo\lti-springboot-demo\target\classes\com\lti\demo\service\EmployeeService.class]: Failed to instantiate [com.lti.demo.service.EmployeeService]: Constructor threw exception
	at org.springframework.beans.factory.support.AbstractAutowireCapableBeanFactory.instantiateBean(AbstractAutowireCapableBeanFactory.java:1306) ~[spring-beans-6.0.4.jar:6.0.4]
	at org.springframework.beans.factory.support.AbstractAutowireCapableBeanFactory.createBeanInstance(AbstractAutowireCapableBeanFactory.java:1198) ~[spring-beans-6.0.4.jar:6.0.4]
	at org.springframework.beans.factory.support.AbstractAutowireCapableBeanFactory.doCreateBean(AbstractAutowireCapableBeanFactory.java:561) ~[spring-beans-6.0.4.jar:6.0.4]
	at org.springframework.beans.factory.support.AbstractAutowireCapableBeanFactory.createBean(AbstractAutowireCapableBeanFactory.java:521) ~[spring-beans-6.0.4.jar:6.0.4]
	at org.springframework.beans.factory.support.AbstractBeanFactory.lambda$doGetBean$0(AbstractBeanFactory.java:326) ~[spring-beans-6.0.4.jar:6.0.4]
	at org.springframework.beans.factory.support.DefaultSingletonBeanRegistry.getSingleton(DefaultSingletonBeanRegistry.java:234) ~[spring-beans-6.0.4.jar:6.0.4]
	at org.springframework.beans.factory.support.AbstractBeanFactory.doGetBean(AbstractBeanFactory.java:324) ~[spring-beans-6.0.4.jar:6.0.4]
	at org.springframework.beans.factory.support.AbstractBeanFactory.getBean(AbstractBeanFactory.java:200) ~[spring-beans-6.0.4.jar:6.0.4]
	at org.springframework.beans.factory.config.DependencyDescriptor.resolveCandidate(DependencyDescriptor.java:254) ~[spring-beans-6.0.4.jar:6.0.4]
	at org.springframework.beans.factory.support.DefaultListableBeanFactory.doResolveDependency(DefaultListableBeanFactory.java:1405) ~[spring-beans-6.0.4.jar:6.0.4]
	at org.springframework.beans.factory.support.DefaultListableBeanFactory.resolveDependency(DefaultListableBeanFactory.java:1325) ~[spring-beans-6.0.4.jar:6.0.4]
	at org.springframework.beans.factory.annotation.AutowiredAnnotationBeanPostProcessor$AutowiredFieldElement.resolveFieldValue(AutowiredAnnotationBeanPostProcessor.java:709) ~[spring-beans-6.0.4.jar:6.0.4]
	... 25 common frames omitted
Caused by: org.springframework.beans.BeanInstantiationException: Failed to instantiate [com.lti.demo.service.EmployeeService]: Constructor threw exception
	at org.springframework.beans.BeanUtils.instantiateClass(BeanUtils.java:223) ~[spring-beans-6.0.4.jar:6.0.4]
	at org.springframework.beans.factory.support.SimpleInstantiationStrategy.instantiate(SimpleInstantiationStrategy.java:87) ~[spring-beans-6.0.4.jar:6.0.4]
	at org.springframework.beans.factory.support.AbstractAutowireCapableBeanFactory.instantiateBean(AbstractAutowireCapableBeanFactory.java:1300) ~[spring-beans-6.0.4.jar:6.0.4]
	... 36 common frames omitted
Caused by: java.lang.Error: Unresolved compilation problems: 
	Logger cannot be resolved to a type
	LoggerFactory cannot be resolved

	at com.lti.demo.service.EmployeeService.<init>(EmployeeService.java:13) ~[classes/:na]
	at java.base/jdk.internal.reflect.NativeConstructorAccessorImpl.newInstance0(Native Method) ~[na:na]
	at java.base/jdk.internal.reflect.NativeConstructorAccessorImpl.newInstance(NativeConstructorAccessorImpl.java:77) ~[na:na]
	at java.base/jdk.internal.reflect.DelegatingConstructorAccessorImpl.newInstance(DelegatingConstructorAccessorImpl.java:45) ~[na:na]
	at java.base/java.lang.reflect.Constructor.newInstanceWithCaller(Constructor.java:499) ~[na:na]
	at java.base/java.lang.reflect.Constructor.newInstance(Constructor.java:480) ~[na:na]
	at org.springframework.beans.BeanUtils.instantiateClass(BeanUtils.java:197) ~[spring-beans-6.0.4.jar:6.0.4]
	... 38 common frames omitted

2023-02-22T15:15:58.176+05:30  INFO 5804 --- [restartedMain] c.lti.demo.LtiSpringbootDemoApplication  : Starting LtiSpringbootDemoApplication using Java 17.0.6 with PID 5804 (D:\Training WorkSpace\SpringBoot\lti-springboot-demo\lti-springboot-demo\target\classes started by 10715878 in D:\Training WorkSpace\SpringBoot\lti-springboot-demo\lti-springboot-demo)
2023-02-22T15:15:58.176+05:30  INFO 5804 --- [restartedMain] c.lti.demo.LtiSpringbootDemoApplication  : No active profile set, falling back to 1 default profile: "default"
2023-02-22T15:15:58.412+05:30  INFO 5804 --- [restartedMain] o.s.b.w.embedded.tomcat.TomcatWebServer  : Tomcat initialized with port(s): 8080 (http)
2023-02-22T15:15:58.413+05:30  INFO 5804 --- [restartedMain] o.apache.catalina.core.StandardService   : Starting service [Tomcat]
2023-02-22T15:15:58.413+05:30  INFO 5804 --- [restartedMain] o.apache.catalina.core.StandardEngine    : Starting Servlet engine: [Apache Tomcat/10.1.5]
2023-02-22T15:15:58.447+05:30  INFO 5804 --- [restartedMain] o.a.c.c.C.[Tomcat-2].[localhost].[/]     : Initializing Spring embedded WebApplicationContext
2023-02-22T15:15:58.447+05:30  INFO 5804 --- [restartedMain] w.s.c.ServletWebServerApplicationContext : Root WebApplicationContext: initialization completed in 265 ms
2023-02-22T15:15:58.457+05:30  WARN 5804 --- [restartedMain] ConfigServletWebServerApplicationContext : Exception encountered during context initialization - cancelling refresh attempt: org.springframework.beans.factory.UnsatisfiedDependencyException: Error creating bean with name 'employeeController': Unsatisfied dependency expressed through field 'empService': Error creating bean with name 'employeeService' defined in file [D:\Training WorkSpace\SpringBoot\lti-springboot-demo\lti-springboot-demo\target\classes\com\lti\demo\service\EmployeeService.class]: Failed to instantiate [com.lti.demo.service.EmployeeService]: Constructor threw exception
2023-02-22T15:15:58.458+05:30  INFO 5804 --- [restartedMain] o.apache.catalina.core.StandardService   : Stopping service [Tomcat]
2023-02-22T15:15:58.464+05:30  INFO 5804 --- [restartedMain] .s.b.a.l.ConditionEvaluationReportLogger : 

Error starting ApplicationContext. To display the condition evaluation report re-run your application with 'debug' enabled.
2023-02-22T15:15:58.470+05:30 ERROR 5804 --- [restartedMain] o.s.boot.SpringApplication               : Application run failed

org.springframework.beans.factory.UnsatisfiedDependencyException: Error creating bean with name 'employeeController': Unsatisfied dependency expressed through field 'empService': Error creating bean with name 'employeeService' defined in file [D:\Training WorkSpace\SpringBoot\lti-springboot-demo\lti-springboot-demo\target\classes\com\lti\demo\service\EmployeeService.class]: Failed to instantiate [com.lti.demo.service.EmployeeService]: Constructor threw exception
	at org.springframework.beans.factory.annotation.AutowiredAnnotationBeanPostProcessor$AutowiredFieldElement.resolveFieldValue(AutowiredAnnotationBeanPostProcessor.java:712) ~[spring-beans-6.0.4.jar:6.0.4]
	at org.springframework.beans.factory.annotation.AutowiredAnnotationBeanPostProcessor$AutowiredFieldElement.inject(AutowiredAnnotationBeanPostProcessor.java:692) ~[spring-beans-6.0.4.jar:6.0.4]
	at org.springframework.beans.factory.annotation.InjectionMetadata.inject(InjectionMetadata.java:133) ~[spring-beans-6.0.4.jar:6.0.4]
	at org.springframework.beans.factory.annotation.AutowiredAnnotationBeanPostProcessor.postProcessProperties(AutowiredAnnotationBeanPostProcessor.java:481) ~[spring-beans-6.0.4.jar:6.0.4]
	at org.springframework.beans.factory.support.AbstractAutowireCapableBeanFactory.populateBean(AbstractAutowireCapableBeanFactory.java:1397) ~[spring-beans-6.0.4.jar:6.0.4]
	at org.springframework.beans.factory.support.AbstractAutowireCapableBeanFactory.doCreateBean(AbstractAutowireCapableBeanFactory.java:598) ~[spring-beans-6.0.4.jar:6.0.4]
	at org.springframework.beans.factory.support.AbstractAutowireCapableBeanFactory.createBean(AbstractAutowireCapableBeanFactory.java:521) ~[spring-beans-6.0.4.jar:6.0.4]
	at org.springframework.beans.factory.support.AbstractBeanFactory.lambda$doGetBean$0(AbstractBeanFactory.java:326) ~[spring-beans-6.0.4.jar:6.0.4]
	at org.springframework.beans.factory.support.DefaultSingletonBeanRegistry.getSingleton(DefaultSingletonBeanRegistry.java:234) ~[spring-beans-6.0.4.jar:6.0.4]
	at org.springframework.beans.factory.support.AbstractBeanFactory.doGetBean(AbstractBeanFactory.java:324) ~[spring-beans-6.0.4.jar:6.0.4]
	at org.springframework.beans.factory.support.AbstractBeanFactory.getBean(AbstractBeanFactory.java:200) ~[spring-beans-6.0.4.jar:6.0.4]
	at org.springframework.beans.factory.support.DefaultListableBeanFactory.preInstantiateSingletons(DefaultListableBeanFactory.java:961) ~[spring-beans-6.0.4.jar:6.0.4]
	at org.springframework.context.support.AbstractApplicationContext.finishBeanFactoryInitialization(AbstractApplicationContext.java:915) ~[spring-context-6.0.4.jar:6.0.4]
	at org.springframework.context.support.AbstractApplicationContext.refresh(AbstractApplicationContext.java:584) ~[spring-context-6.0.4.jar:6.0.4]
	at org.springframework.boot.web.servlet.context.ServletWebServerApplicationContext.refresh(ServletWebServerApplicationContext.java:146) ~[spring-boot-3.0.2.jar:3.0.2]
	at org.springframework.boot.SpringApplication.refresh(SpringApplication.java:730) ~[spring-boot-3.0.2.jar:3.0.2]
	at org.springframework.boot.SpringApplication.refreshContext(SpringApplication.java:432) ~[spring-boot-3.0.2.jar:3.0.2]
	at org.springframework.boot.SpringApplication.run(SpringApplication.java:308) ~[spring-boot-3.0.2.jar:3.0.2]
	at org.springframework.boot.SpringApplication.run(SpringApplication.java:1302) ~[spring-boot-3.0.2.jar:3.0.2]
	at org.springframework.boot.SpringApplication.run(SpringApplication.java:1291) ~[spring-boot-3.0.2.jar:3.0.2]
	at com.lti.demo.LtiSpringbootDemoApplication.main(LtiSpringbootDemoApplication.java:10) ~[classes/:na]
	at java.base/jdk.internal.reflect.NativeMethodAccessorImpl.invoke0(Native Method) ~[na:na]
	at java.base/jdk.internal.reflect.NativeMethodAccessorImpl.invoke(NativeMethodAccessorImpl.java:77) ~[na:na]
	at java.base/jdk.internal.reflect.DelegatingMethodAccessorImpl.invoke(DelegatingMethodAccessorImpl.java:43) ~[na:na]
	at java.base/java.lang.reflect.Method.invoke(Method.java:568) ~[na:na]
	at org.springframework.boot.devtools.restart.RestartLauncher.run(RestartLauncher.java:49) ~[spring-boot-devtools-3.0.2.jar:3.0.2]
Caused by: org.springframework.beans.factory.BeanCreationException: Error creating bean with name 'employeeService' defined in file [D:\Training WorkSpace\SpringBoot\lti-springboot-demo\lti-springboot-demo\target\classes\com\lti\demo\service\EmployeeService.class]: Failed to instantiate [com.lti.demo.service.EmployeeService]: Constructor threw exception
	at org.springframework.beans.factory.support.AbstractAutowireCapableBeanFactory.instantiateBean(AbstractAutowireCapableBeanFactory.java:1306) ~[spring-beans-6.0.4.jar:6.0.4]
	at org.springframework.beans.factory.support.AbstractAutowireCapableBeanFactory.createBeanInstance(AbstractAutowireCapableBeanFactory.java:1198) ~[spring-beans-6.0.4.jar:6.0.4]
	at org.springframework.beans.factory.support.AbstractAutowireCapableBeanFactory.doCreateBean(AbstractAutowireCapableBeanFactory.java:561) ~[spring-beans-6.0.4.jar:6.0.4]
	at org.springframework.beans.factory.support.AbstractAutowireCapableBeanFactory.createBean(AbstractAutowireCapableBeanFactory.java:521) ~[spring-beans-6.0.4.jar:6.0.4]
	at org.springframework.beans.factory.support.AbstractBeanFactory.lambda$doGetBean$0(AbstractBeanFactory.java:326) ~[spring-beans-6.0.4.jar:6.0.4]
	at org.springframework.beans.factory.support.DefaultSingletonBeanRegistry.getSingleton(DefaultSingletonBeanRegistry.java:234) ~[spring-beans-6.0.4.jar:6.0.4]
	at org.springframework.beans.factory.support.AbstractBeanFactory.doGetBean(AbstractBeanFactory.java:324) ~[spring-beans-6.0.4.jar:6.0.4]
	at org.springframework.beans.factory.support.AbstractBeanFactory.getBean(AbstractBeanFactory.java:200) ~[spring-beans-6.0.4.jar:6.0.4]
	at org.springframework.beans.factory.config.DependencyDescriptor.resolveCandidate(DependencyDescriptor.java:254) ~[spring-beans-6.0.4.jar:6.0.4]
	at org.springframework.beans.factory.support.DefaultListableBeanFactory.doResolveDependency(DefaultListableBeanFactory.java:1405) ~[spring-beans-6.0.4.jar:6.0.4]
	at org.springframework.beans.factory.support.DefaultListableBeanFactory.resolveDependency(DefaultListableBeanFactory.java:1325) ~[spring-beans-6.0.4.jar:6.0.4]
	at org.springframework.beans.factory.annotation.AutowiredAnnotationBeanPostProcessor$AutowiredFieldElement.resolveFieldValue(AutowiredAnnotationBeanPostProcessor.java:709) ~[spring-beans-6.0.4.jar:6.0.4]
	... 25 common frames omitted
Caused by: org.springframework.beans.BeanInstantiationException: Failed to instantiate [com.lti.demo.service.EmployeeService]: Constructor threw exception
	at org.springframework.beans.BeanUtils.instantiateClass(BeanUtils.java:223) ~[spring-beans-6.0.4.jar:6.0.4]
	at org.springframework.beans.factory.support.SimpleInstantiationStrategy.instantiate(SimpleInstantiationStrategy.java:87) ~[spring-beans-6.0.4.jar:6.0.4]
	at org.springframework.beans.factory.support.AbstractAutowireCapableBeanFactory.instantiateBean(AbstractAutowireCapableBeanFactory.java:1300) ~[spring-beans-6.0.4.jar:6.0.4]
	... 36 common frames omitted
Caused by: java.lang.Error: Unresolved compilation problems: 
	Logger cannot be resolved to a type
	LoggerFactory cannot be resolved

	at com.lti.demo.service.EmployeeService.<init>(EmployeeService.java:13) ~[classes/:na]
	at java.base/jdk.internal.reflect.NativeConstructorAccessorImpl.newInstance0(Native Method) ~[na:na]
	at java.base/jdk.internal.reflect.NativeConstructorAccessorImpl.newInstance(NativeConstructorAccessorImpl.java:77) ~[na:na]
	at java.base/jdk.internal.reflect.DelegatingConstructorAccessorImpl.newInstance(DelegatingConstructorAccessorImpl.java:45) ~[na:na]
	at java.base/java.lang.reflect.Constructor.newInstanceWithCaller(Constructor.java:499) ~[na:na]
	at java.base/java.lang.reflect.Constructor.newInstance(Constructor.java:480) ~[na:na]
	at org.springframework.beans.BeanUtils.instantiateClass(BeanUtils.java:197) ~[spring-beans-6.0.4.jar:6.0.4]
	... 38 common frames omitted

2023-02-22T15:17:55.320+05:30  INFO 17224 --- [restartedMain] c.lti.demo.LtiSpringbootDemoApplication  : Starting LtiSpringbootDemoApplication using Java 17.0.6 with PID 17224 (D:\Training WorkSpace\SpringBoot\lti-springboot-demo\lti-springboot-demo\target\classes started by 10715878 in D:\Training WorkSpace\SpringBoot\lti-springboot-demo\lti-springboot-demo)
2023-02-22T15:17:55.328+05:30  INFO 17224 --- [restartedMain] c.lti.demo.LtiSpringbootDemoApplication  : No active profile set, falling back to 1 default profile: "default"
2023-02-22T15:17:56.448+05:30  INFO 17224 --- [restartedMain] .e.DevToolsPropertyDefaultsPostProcessor : Devtools property defaults active! Set 'spring.devtools.add-properties' to 'false' to disable
2023-02-22T15:17:56.449+05:30  INFO 17224 --- [restartedMain] .e.DevToolsPropertyDefaultsPostProcessor : For additional web related logging consider setting the 'logging.level.web' property to 'DEBUG'
2023-02-22T15:17:58.849+05:30  INFO 17224 --- [restartedMain] o.s.b.w.embedded.tomcat.TomcatWebServer  : Tomcat initialized with port(s): 8080 (http)
2023-02-22T15:17:58.882+05:30  INFO 17224 --- [restartedMain] o.apache.catalina.core.StandardService   : Starting service [Tomcat]
2023-02-22T15:17:58.882+05:30  INFO 17224 --- [restartedMain] o.apache.catalina.core.StandardEngine    : Starting Servlet engine: [Apache Tomcat/10.1.5]
2023-02-22T15:17:59.062+05:30  INFO 17224 --- [restartedMain] o.a.c.c.C.[Tomcat].[localhost].[/]       : Initializing Spring embedded WebApplicationContext
2023-02-22T15:17:59.064+05:30  INFO 17224 --- [restartedMain] w.s.c.ServletWebServerApplicationContext : Root WebApplicationContext: initialization completed in 2613 ms
2023-02-22T15:17:59.858+05:30  INFO 17224 --- [restartedMain] o.s.b.d.a.OptionalLiveReloadServer       : LiveReload server is running on port 35729
2023-02-22T15:17:59.943+05:30  INFO 17224 --- [restartedMain] o.s.b.w.embedded.tomcat.TomcatWebServer  : Tomcat started on port(s): 8080 (http) with context path ''
2023-02-22T15:17:59.970+05:30  INFO 17224 --- [restartedMain] c.lti.demo.LtiSpringbootDemoApplication  : Started LtiSpringbootDemoApplication in 5.59 seconds (process running for 6.689)
2023-02-22T15:18:41.212+05:30  INFO 17224 --- [File Watcher] rtingClassPathChangeChangedEventListener : Restarting due to 1 class path change (0 additions, 0 deletions, 1 modification)
2023-02-22T15:18:41.258+05:30  INFO 17224 --- [Thread-5] o.apache.catalina.core.StandardService   : Stopping service [Tomcat]
2023-02-22T15:18:41.424+05:30  INFO 17224 --- [restartedMain] c.lti.demo.LtiSpringbootDemoApplication  : Starting LtiSpringbootDemoApplication using Java 17.0.6 with PID 17224 (D:\Training WorkSpace\SpringBoot\lti-springboot-demo\lti-springboot-demo\target\classes started by 10715878 in D:\Training WorkSpace\SpringBoot\lti-springboot-demo\lti-springboot-demo)
2023-02-22T15:18:41.426+05:30  INFO 17224 --- [restartedMain] c.lti.demo.LtiSpringbootDemoApplication  : No active profile set, falling back to 1 default profile: "default"
2023-02-22T15:18:41.883+05:30  INFO 17224 --- [restartedMain] o.s.b.w.embedded.tomcat.TomcatWebServer  : Tomcat initialized with port(s): 8080 (http)
2023-02-22T15:18:41.885+05:30  INFO 17224 --- [restartedMain] o.apache.catalina.core.StandardService   : Starting service [Tomcat]
2023-02-22T15:18:41.886+05:30  INFO 17224 --- [restartedMain] o.apache.catalina.core.StandardEngine    : Starting Servlet engine: [Apache Tomcat/10.1.5]
2023-02-22T15:18:41.930+05:30  INFO 17224 --- [restartedMain] o.a.c.c.C.[Tomcat].[localhost].[/]       : Initializing Spring embedded WebApplicationContext
2023-02-22T15:18:41.932+05:30  INFO 17224 --- [restartedMain] w.s.c.ServletWebServerApplicationContext : Root WebApplicationContext: initialization completed in 499 ms
2023-02-22T15:18:42.078+05:30  INFO 17224 --- [restartedMain] o.s.b.d.a.OptionalLiveReloadServer       : LiveReload server is running on port 35729
2023-02-22T15:18:42.100+05:30  INFO 17224 --- [restartedMain] o.s.b.w.embedded.tomcat.TomcatWebServer  : Tomcat started on port(s): 8080 (http) with context path ''
2023-02-22T15:18:42.108+05:30  INFO 17224 --- [restartedMain] c.lti.demo.LtiSpringbootDemoApplication  : Started LtiSpringbootDemoApplication in 0.75 seconds (process running for 48.826)
2023-02-22T15:18:42.112+05:30  INFO 17224 --- [restartedMain] .ConditionEvaluationDeltaLoggingListener : Condition evaluation unchanged
2023-02-22T15:19:13.247+05:30  INFO 17224 --- [File Watcher] rtingClassPathChangeChangedEventListener : Restarting due to 1 class path change (0 additions, 0 deletions, 1 modification)
2023-02-22T15:19:13.290+05:30  INFO 17224 --- [Thread-7] o.apache.catalina.core.StandardService   : Stopping service [Tomcat]
2023-02-22T15:19:13.565+05:30  INFO 17224 --- [restartedMain] c.lti.demo.LtiSpringbootDemoApplication  : Starting LtiSpringbootDemoApplication using Java 17.0.6 with PID 17224 (D:\Training WorkSpace\SpringBoot\lti-springboot-demo\lti-springboot-demo\target\classes started by 10715878 in D:\Training WorkSpace\SpringBoot\lti-springboot-demo\lti-springboot-demo)
2023-02-22T15:19:13.567+05:30  INFO 17224 --- [restartedMain] c.lti.demo.LtiSpringbootDemoApplication  : No active profile set, falling back to 1 default profile: "default"
2023-02-22T15:19:13.938+05:30  INFO 17224 --- [restartedMain] o.s.b.w.embedded.tomcat.TomcatWebServer  : Tomcat initialized with port(s): 8080 (http)
2023-02-22T15:19:13.939+05:30  INFO 17224 --- [restartedMain] o.apache.catalina.core.StandardService   : Starting service [Tomcat]
2023-02-22T15:19:13.940+05:30  INFO 17224 --- [restartedMain] o.apache.catalina.core.StandardEngine    : Starting Servlet engine: [Apache Tomcat/10.1.5]
2023-02-22T15:19:14.002+05:30  INFO 17224 --- [restartedMain] o.a.c.c.C.[Tomcat].[localhost].[/]       : Initializing Spring embedded WebApplicationContext
2023-02-22T15:19:14.002+05:30  INFO 17224 --- [restartedMain] w.s.c.ServletWebServerApplicationContext : Root WebApplicationContext: initialization completed in 426 ms
2023-02-22T15:19:14.210+05:30  INFO 17224 --- [restartedMain] o.s.b.d.a.OptionalLiveReloadServer       : LiveReload server is running on port 35729
2023-02-22T15:19:14.232+05:30  INFO 17224 --- [restartedMain] o.s.b.w.embedded.tomcat.TomcatWebServer  : Tomcat started on port(s): 8080 (http) with context path ''
2023-02-22T15:19:14.239+05:30  INFO 17224 --- [restartedMain] c.lti.demo.LtiSpringbootDemoApplication  : Started LtiSpringbootDemoApplication in 0.811 seconds (process running for 80.957)
2023-02-22T15:19:14.245+05:30  INFO 17224 --- [restartedMain] .ConditionEvaluationDeltaLoggingListener : Condition evaluation unchanged
2023-02-22T15:19:16.685+05:30  INFO 17224 --- [File Watcher] rtingClassPathChangeChangedEventListener : Restarting due to 1 class path change (0 additions, 0 deletions, 1 modification)
2023-02-22T15:19:16.722+05:30  INFO 17224 --- [Thread-11] o.apache.catalina.core.StandardService   : Stopping service [Tomcat]
2023-02-22T15:19:16.856+05:30  INFO 17224 --- [restartedMain] c.lti.demo.LtiSpringbootDemoApplication  : Starting LtiSpringbootDemoApplication using Java 17.0.6 with PID 17224 (D:\Training WorkSpace\SpringBoot\lti-springboot-demo\lti-springboot-demo\target\classes started by 10715878 in D:\Training WorkSpace\SpringBoot\lti-springboot-demo\lti-springboot-demo)
2023-02-22T15:19:16.856+05:30  INFO 17224 --- [restartedMain] c.lti.demo.LtiSpringbootDemoApplication  : No active profile set, falling back to 1 default profile: "default"
2023-02-22T15:19:17.173+05:30  INFO 17224 --- [restartedMain] o.s.b.w.embedded.tomcat.TomcatWebServer  : Tomcat initialized with port(s): 8080 (http)
2023-02-22T15:19:17.175+05:30  INFO 17224 --- [restartedMain] o.apache.catalina.core.StandardService   : Starting service [Tomcat]
2023-02-22T15:19:17.177+05:30  INFO 17224 --- [restartedMain] o.apache.catalina.core.StandardEngine    : Starting Servlet engine: [Apache Tomcat/10.1.5]
2023-02-22T15:19:17.221+05:30  INFO 17224 --- [restartedMain] o.a.c.c.C.[Tomcat].[localhost].[/]       : Initializing Spring embedded WebApplicationContext
2023-02-22T15:19:17.222+05:30  INFO 17224 --- [restartedMain] w.s.c.ServletWebServerApplicationContext : Root WebApplicationContext: initialization completed in 360 ms
2023-02-22T15:19:17.373+05:30  INFO 17224 --- [restartedMain] o.s.b.d.a.OptionalLiveReloadServer       : LiveReload server is running on port 35729
2023-02-22T15:19:17.393+05:30  INFO 17224 --- [restartedMain] o.s.b.w.embedded.tomcat.TomcatWebServer  : Tomcat started on port(s): 8080 (http) with context path ''
2023-02-22T15:19:17.399+05:30  INFO 17224 --- [restartedMain] c.lti.demo.LtiSpringbootDemoApplication  : Started LtiSpringbootDemoApplication in 0.587 seconds (process running for 84.118)
2023-02-22T15:19:17.401+05:30  INFO 17224 --- [restartedMain] .ConditionEvaluationDeltaLoggingListener : Condition evaluation unchanged
2023-02-22T15:19:22.901+05:30  INFO 17224 --- [File Watcher] rtingClassPathChangeChangedEventListener : Restarting due to 1 class path change (0 additions, 0 deletions, 1 modification)
2023-02-22T15:19:22.972+05:30  INFO 17224 --- [Thread-15] o.apache.catalina.core.StandardService   : Stopping service [Tomcat]
2023-02-22T15:19:23.187+05:30  INFO 17224 --- [restartedMain] c.lti.demo.LtiSpringbootDemoApplication  : Starting LtiSpringbootDemoApplication using Java 17.0.6 with PID 17224 (D:\Training WorkSpace\SpringBoot\lti-springboot-demo\lti-springboot-demo\target\classes started by 10715878 in D:\Training WorkSpace\SpringBoot\lti-springboot-demo\lti-springboot-demo)
2023-02-22T15:19:23.188+05:30  INFO 17224 --- [restartedMain] c.lti.demo.LtiSpringbootDemoApplication  : No active profile set, falling back to 1 default profile: "default"
2023-02-22T15:19:23.552+05:30  INFO 17224 --- [restartedMain] o.s.b.w.embedded.tomcat.TomcatWebServer  : Tomcat initialized with port(s): 8080 (http)
2023-02-22T15:19:23.554+05:30  INFO 17224 --- [restartedMain] o.apache.catalina.core.StandardService   : Starting service [Tomcat]
2023-02-22T15:19:23.555+05:30  INFO 17224 --- [restartedMain] o.apache.catalina.core.StandardEngine    : Starting Servlet engine: [Apache Tomcat/10.1.5]
2023-02-22T15:19:23.608+05:30  INFO 17224 --- [restartedMain] o.a.c.c.C.[Tomcat].[localhost].[/]       : Initializing Spring embedded WebApplicationContext
2023-02-22T15:19:23.609+05:30  INFO 17224 --- [restartedMain] w.s.c.ServletWebServerApplicationContext : Root WebApplicationContext: initialization completed in 413 ms
2023-02-22T15:19:23.743+05:30  INFO 17224 --- [restartedMain] o.s.b.d.a.OptionalLiveReloadServer       : LiveReload server is running on port 35729
2023-02-22T15:19:23.763+05:30  INFO 17224 --- [restartedMain] o.s.b.w.embedded.tomcat.TomcatWebServer  : Tomcat started on port(s): 8080 (http) with context path ''
2023-02-22T15:19:23.772+05:30  INFO 17224 --- [restartedMain] c.lti.demo.LtiSpringbootDemoApplication  : Started LtiSpringbootDemoApplication in 0.655 seconds (process running for 90.49)
2023-02-22T15:19:23.775+05:30  INFO 17224 --- [restartedMain] .ConditionEvaluationDeltaLoggingListener : Condition evaluation unchanged
2023-02-22T15:20:08.147+05:30  INFO 17224 --- [File Watcher] rtingClassPathChangeChangedEventListener : Restarting due to 1 class path change (0 additions, 0 deletions, 1 modification)
2023-02-22T15:20:08.190+05:30  INFO 17224 --- [Thread-19] o.apache.catalina.core.StandardService   : Stopping service [Tomcat]
2023-02-22T15:20:08.329+05:30  INFO 17224 --- [restartedMain] c.lti.demo.LtiSpringbootDemoApplication  : Starting LtiSpringbootDemoApplication using Java 17.0.6 with PID 17224 (D:\Training WorkSpace\SpringBoot\lti-springboot-demo\lti-springboot-demo\target\classes started by 10715878 in D:\Training WorkSpace\SpringBoot\lti-springboot-demo\lti-springboot-demo)
2023-02-22T15:20:08.330+05:30  INFO 17224 --- [restartedMain] c.lti.demo.LtiSpringbootDemoApplication  : No active profile set, falling back to 1 default profile: "default"
2023-02-22T15:20:08.691+05:30  INFO 17224 --- [restartedMain] o.s.b.w.embedded.tomcat.TomcatWebServer  : Tomcat initialized with port(s): 8080 (http)
2023-02-22T15:20:08.693+05:30  INFO 17224 --- [restartedMain] o.apache.catalina.core.StandardService   : Starting service [Tomcat]
2023-02-22T15:20:08.693+05:30  INFO 17224 --- [restartedMain] o.apache.catalina.core.StandardEngine    : Starting Servlet engine: [Apache Tomcat/10.1.5]
2023-02-22T15:20:08.759+05:30  INFO 17224 --- [restartedMain] o.a.c.c.C.[Tomcat].[localhost].[/]       : Initializing Spring embedded WebApplicationContext
2023-02-22T15:20:08.759+05:30  INFO 17224 --- [restartedMain] w.s.c.ServletWebServerApplicationContext : Root WebApplicationContext: initialization completed in 424 ms
2023-02-22T15:20:08.868+05:30  INFO 17224 --- [restartedMain] o.s.b.d.a.OptionalLiveReloadServer       : LiveReload server is running on port 35729
2023-02-22T15:20:08.888+05:30  INFO 17224 --- [restartedMain] o.s.b.w.embedded.tomcat.TomcatWebServer  : Tomcat started on port(s): 8080 (http) with context path ''
2023-02-22T15:20:08.895+05:30  INFO 17224 --- [restartedMain] c.lti.demo.LtiSpringbootDemoApplication  : Started LtiSpringbootDemoApplication in 0.613 seconds (process running for 135.613)
2023-02-22T15:20:08.899+05:30  INFO 17224 --- [restartedMain] .ConditionEvaluationDeltaLoggingListener : Condition evaluation unchanged
2023-02-22T15:20:14.387+05:30  INFO 17224 --- [File Watcher] rtingClassPathChangeChangedEventListener : Restarting due to 1 class path change (0 additions, 0 deletions, 1 modification)
2023-02-22T15:20:14.453+05:30  INFO 17224 --- [Thread-23] o.apache.catalina.core.StandardService   : Stopping service [Tomcat]
2023-02-22T15:20:14.638+05:30  INFO 17224 --- [restartedMain] c.lti.demo.LtiSpringbootDemoApplication  : Starting LtiSpringbootDemoApplication using Java 17.0.6 with PID 17224 (D:\Training WorkSpace\SpringBoot\lti-springboot-demo\lti-springboot-demo\target\classes started by 10715878 in D:\Training WorkSpace\SpringBoot\lti-springboot-demo\lti-springboot-demo)
2023-02-22T15:20:14.639+05:30  INFO 17224 --- [restartedMain] c.lti.demo.LtiSpringbootDemoApplication  : No active profile set, falling back to 1 default profile: "default"
2023-02-22T15:20:15.049+05:30  INFO 17224 --- [restartedMain] o.s.b.w.embedded.tomcat.TomcatWebServer  : Tomcat initialized with port(s): 8080 (http)
2023-02-22T15:20:15.052+05:30  INFO 17224 --- [restartedMain] o.apache.catalina.core.StandardService   : Starting service [Tomcat]
2023-02-22T15:20:15.053+05:30  INFO 17224 --- [restartedMain] o.apache.catalina.core.StandardEngine    : Starting Servlet engine: [Apache Tomcat/10.1.5]
2023-02-22T15:20:15.233+05:30  INFO 17224 --- [restartedMain] o.a.c.c.C.[Tomcat].[localhost].[/]       : Initializing Spring embedded WebApplicationContext
2023-02-22T15:20:15.235+05:30  INFO 17224 --- [restartedMain] w.s.c.ServletWebServerApplicationContext : Root WebApplicationContext: initialization completed in 591 ms
2023-02-22T15:20:15.369+05:30  INFO 17224 --- [restartedMain] o.s.b.d.a.OptionalLiveReloadServer       : LiveReload server is running on port 35729
2023-02-22T15:20:15.391+05:30  INFO 17224 --- [restartedMain] o.s.b.w.embedded.tomcat.TomcatWebServer  : Tomcat started on port(s): 8080 (http) with context path ''
2023-02-22T15:20:15.399+05:30  INFO 17224 --- [restartedMain] c.lti.demo.LtiSpringbootDemoApplication  : Started LtiSpringbootDemoApplication in 0.8 seconds (process running for 142.117)
2023-02-22T15:20:15.404+05:30  INFO 17224 --- [restartedMain] .ConditionEvaluationDeltaLoggingListener : Condition evaluation unchanged
2023-02-22T15:39:36.377+05:30  INFO 17224 --- [File Watcher] rtingClassPathChangeChangedEventListener : Restarting due to 9 class path changes (0 additions, 4 deletions, 5 modifications)
2023-02-22T15:39:36.426+05:30  INFO 17224 --- [Thread-27] o.apache.catalina.core.StandardService   : Stopping service [Tomcat]
2023-02-22T15:39:36.552+05:30  INFO 17224 --- [restartedMain] c.lti.demo.LtiSpringbootDemoApplication  : Starting LtiSpringbootDemoApplication using Java 17.0.6 with PID 17224 (D:\Training WorkSpace\SpringBoot\lti-springboot-demo\lti-springboot-demo\target\classes started by 10715878 in D:\Training WorkSpace\SpringBoot\lti-springboot-demo\lti-springboot-demo)
2023-02-22T15:39:36.553+05:30  INFO 17224 --- [restartedMain] c.lti.demo.LtiSpringbootDemoApplication  : No active profile set, falling back to 1 default profile: "default"
2023-02-22T15:39:36.898+05:30  INFO 17224 --- [restartedMain] o.s.b.w.embedded.tomcat.TomcatWebServer  : Tomcat initialized with port(s): 8080 (http)
2023-02-22T15:39:36.900+05:30  INFO 17224 --- [restartedMain] o.apache.catalina.core.StandardService   : Starting service [Tomcat]
2023-02-22T15:39:36.900+05:30  INFO 17224 --- [restartedMain] o.apache.catalina.core.StandardEngine    : Starting Servlet engine: [Apache Tomcat/10.1.5]
2023-02-22T15:39:36.957+05:30  INFO 17224 --- [restartedMain] o.a.c.c.C.[Tomcat].[localhost].[/]       : Initializing Spring embedded WebApplicationContext
2023-02-22T15:39:36.959+05:30  INFO 17224 --- [restartedMain] w.s.c.ServletWebServerApplicationContext : Root WebApplicationContext: initialization completed in 400 ms
2023-02-22T15:39:37.091+05:30  INFO 17224 --- [restartedMain] o.s.b.d.a.OptionalLiveReloadServer       : LiveReload server is running on port 35729
2023-02-22T15:39:37.115+05:30  INFO 17224 --- [restartedMain] o.s.b.w.embedded.tomcat.TomcatWebServer  : Tomcat started on port(s): 8080 (http) with context path ''
2023-02-22T15:39:37.127+05:30  INFO 17224 --- [restartedMain] c.lti.demo.LtiSpringbootDemoApplication  : Started LtiSpringbootDemoApplication in 0.64 seconds (process running for 1303.841)
2023-02-22T15:39:37.131+05:30  INFO 17224 --- [restartedMain] .ConditionEvaluationDeltaLoggingListener : Condition evaluation unchanged
2023-02-22T15:39:38.558+05:30  INFO 17224 --- [File Watcher] rtingClassPathChangeChangedEventListener : Restarting due to 4 class path changes (4 additions, 0 deletions, 0 modifications)
2023-02-22T15:39:38.601+05:30  INFO 17224 --- [Thread-31] o.apache.catalina.core.StandardService   : Stopping service [Tomcat]
2023-02-22T15:39:38.700+05:30  INFO 17224 --- [restartedMain] c.lti.demo.LtiSpringbootDemoApplication  : Starting LtiSpringbootDemoApplication using Java 17.0.6 with PID 17224 (D:\Training WorkSpace\SpringBoot\lti-springboot-demo\lti-springboot-demo\target\classes started by 10715878 in D:\Training WorkSpace\SpringBoot\lti-springboot-demo\lti-springboot-demo)
2023-02-22T15:39:38.701+05:30  INFO 17224 --- [restartedMain] c.lti.demo.LtiSpringbootDemoApplication  : No active profile set, falling back to 1 default profile: "default"
2023-02-22T15:39:38.985+05:30  INFO 17224 --- [restartedMain] o.s.b.w.embedded.tomcat.TomcatWebServer  : Tomcat initialized with port(s): 8080 (http)
2023-02-22T15:39:38.987+05:30  INFO 17224 --- [restartedMain] o.apache.catalina.core.StandardService   : Starting service [Tomcat]
2023-02-22T15:39:38.988+05:30  INFO 17224 --- [restartedMain] o.apache.catalina.core.StandardEngine    : Starting Servlet engine: [Apache Tomcat/10.1.5]
2023-02-22T15:39:39.029+05:30  INFO 17224 --- [restartedMain] o.a.c.c.C.[Tomcat].[localhost].[/]       : Initializing Spring embedded WebApplicationContext
2023-02-22T15:39:39.029+05:30  INFO 17224 --- [restartedMain] w.s.c.ServletWebServerApplicationContext : Root WebApplicationContext: initialization completed in 323 ms
2023-02-22T15:39:39.121+05:30  INFO 17224 --- [restartedMain] o.s.b.d.a.OptionalLiveReloadServer       : LiveReload server is running on port 35729
2023-02-22T15:39:39.137+05:30  INFO 17224 --- [restartedMain] o.s.b.w.embedded.tomcat.TomcatWebServer  : Tomcat started on port(s): 8080 (http) with context path ''
2023-02-22T15:39:39.141+05:30  INFO 17224 --- [restartedMain] c.lti.demo.LtiSpringbootDemoApplication  : Started LtiSpringbootDemoApplication in 0.471 seconds (process running for 1305.855)
2023-02-22T15:39:39.144+05:30  INFO 17224 --- [restartedMain] .ConditionEvaluationDeltaLoggingListener : Condition evaluation unchanged
2023-02-22T15:40:56.037+05:30  INFO 17224 --- [File Watcher] rtingClassPathChangeChangedEventListener : Restarting due to 1 class path change (0 additions, 0 deletions, 1 modification)
2023-02-22T15:40:56.089+05:30  INFO 17224 --- [Thread-35] o.apache.catalina.core.StandardService   : Stopping service [Tomcat]
2023-02-22T15:40:56.203+05:30  INFO 17224 --- [restartedMain] c.lti.demo.LtiSpringbootDemoApplication  : Starting LtiSpringbootDemoApplication using Java 17.0.6 with PID 17224 (D:\Training WorkSpace\SpringBoot\lti-springboot-demo\lti-springboot-demo\target\classes started by 10715878 in D:\Training WorkSpace\SpringBoot\lti-springboot-demo\lti-springboot-demo)
2023-02-22T15:40:56.204+05:30  INFO 17224 --- [restartedMain] c.lti.demo.LtiSpringbootDemoApplication  : No active profile set, falling back to 1 default profile: "default"
2023-02-22T15:40:56.510+05:30  INFO 17224 --- [restartedMain] o.s.b.w.embedded.tomcat.TomcatWebServer  : Tomcat initialized with port(s): 8080 (http)
2023-02-22T15:40:56.512+05:30  INFO 17224 --- [restartedMain] o.apache.catalina.core.StandardService   : Starting service [Tomcat]
2023-02-22T15:40:56.513+05:30  INFO 17224 --- [restartedMain] o.apache.catalina.core.StandardEngine    : Starting Servlet engine: [Apache Tomcat/10.1.5]
2023-02-22T15:40:56.555+05:30  INFO 17224 --- [restartedMain] o.a.c.c.C.[Tomcat].[localhost].[/]       : Initializing Spring embedded WebApplicationContext
2023-02-22T15:40:56.556+05:30  INFO 17224 --- [restartedMain] w.s.c.ServletWebServerApplicationContext : Root WebApplicationContext: initialization completed in 346 ms
2023-02-22T15:40:56.651+05:30  INFO 17224 --- [restartedMain] o.s.b.d.a.OptionalLiveReloadServer       : LiveReload server is running on port 35729
2023-02-22T15:40:56.676+05:30  INFO 17224 --- [restartedMain] o.s.b.w.embedded.tomcat.TomcatWebServer  : Tomcat started on port(s): 8080 (http) with context path ''
2023-02-22T15:40:56.681+05:30  INFO 17224 --- [restartedMain] c.lti.demo.LtiSpringbootDemoApplication  : Started LtiSpringbootDemoApplication in 0.514 seconds (process running for 1383.395)
2023-02-22T15:40:56.685+05:30  INFO 17224 --- [restartedMain] .ConditionEvaluationDeltaLoggingListener : Condition evaluation unchanged
2023-02-22T15:40:59.101+05:30  INFO 17224 --- [File Watcher] rtingClassPathChangeChangedEventListener : Restarting due to 1 class path change (0 additions, 0 deletions, 1 modification)
2023-02-22T15:40:59.141+05:30  INFO 17224 --- [Thread-39] o.apache.catalina.core.StandardService   : Stopping service [Tomcat]
2023-02-22T15:40:59.274+05:30  INFO 17224 --- [restartedMain] c.lti.demo.LtiSpringbootDemoApplication  : Starting LtiSpringbootDemoApplication using Java 17.0.6 with PID 17224 (D:\Training WorkSpace\SpringBoot\lti-springboot-demo\lti-springboot-demo\target\classes started by 10715878 in D:\Training WorkSpace\SpringBoot\lti-springboot-demo\lti-springboot-demo)
2023-02-22T15:40:59.275+05:30  INFO 17224 --- [restartedMain] c.lti.demo.LtiSpringbootDemoApplication  : No active profile set, falling back to 1 default profile: "default"
2023-02-22T15:40:59.610+05:30  INFO 17224 --- [restartedMain] o.s.b.w.embedded.tomcat.TomcatWebServer  : Tomcat initialized with port(s): 8080 (http)
2023-02-22T15:40:59.612+05:30  INFO 17224 --- [restartedMain] o.apache.catalina.core.StandardService   : Starting service [Tomcat]
2023-02-22T15:40:59.612+05:30  INFO 17224 --- [restartedMain] o.apache.catalina.core.StandardEngine    : Starting Servlet engine: [Apache Tomcat/10.1.5]
2023-02-22T15:40:59.654+05:30  INFO 17224 --- [restartedMain] o.a.c.c.C.[Tomcat].[localhost].[/]       : Initializing Spring embedded WebApplicationContext
2023-02-22T15:40:59.654+05:30  INFO 17224 --- [restartedMain] w.s.c.ServletWebServerApplicationContext : Root WebApplicationContext: initialization completed in 375 ms
2023-02-22T15:40:59.753+05:30  INFO 17224 --- [restartedMain] o.s.b.d.a.OptionalLiveReloadServer       : LiveReload server is running on port 35729
2023-02-22T15:40:59.775+05:30  INFO 17224 --- [restartedMain] o.s.b.w.embedded.tomcat.TomcatWebServer  : Tomcat started on port(s): 8080 (http) with context path ''
2023-02-22T15:40:59.780+05:30  INFO 17224 --- [restartedMain] c.lti.demo.LtiSpringbootDemoApplication  : Started LtiSpringbootDemoApplication in 0.551 seconds (process running for 1386.494)
2023-02-22T15:40:59.784+05:30  INFO 17224 --- [restartedMain] .ConditionEvaluationDeltaLoggingListener : Condition evaluation unchanged
2023-02-22T15:42:43.499+05:30  INFO 17224 --- [File Watcher] rtingClassPathChangeChangedEventListener : Restarting due to 1 class path change (0 additions, 0 deletions, 1 modification)
2023-02-22T15:42:43.544+05:30  INFO 17224 --- [Thread-43] o.apache.catalina.core.StandardService   : Stopping service [Tomcat]
2023-02-22T15:42:43.637+05:30  INFO 17224 --- [restartedMain] c.lti.demo.LtiSpringbootDemoApplication  : Starting LtiSpringbootDemoApplication using Java 17.0.6 with PID 17224 (D:\Training WorkSpace\SpringBoot\lti-springboot-demo\lti-springboot-demo\target\classes started by 10715878 in D:\Training WorkSpace\SpringBoot\lti-springboot-demo\lti-springboot-demo)
2023-02-22T15:42:43.638+05:30  INFO 17224 --- [restartedMain] c.lti.demo.LtiSpringbootDemoApplication  : No active profile set, falling back to 1 default profile: "default"
2023-02-22T15:42:43.857+05:30  INFO 17224 --- [restartedMain] o.s.b.w.embedded.tomcat.TomcatWebServer  : Tomcat initialized with port(s): 8080 (http)
2023-02-22T15:42:43.858+05:30  INFO 17224 --- [restartedMain] o.apache.catalina.core.StandardService   : Starting service [Tomcat]
2023-02-22T15:42:43.858+05:30  INFO 17224 --- [restartedMain] o.apache.catalina.core.StandardEngine    : Starting Servlet engine: [Apache Tomcat/10.1.5]
2023-02-22T15:42:43.900+05:30  INFO 17224 --- [restartedMain] o.a.c.c.C.[Tomcat].[localhost].[/]       : Initializing Spring embedded WebApplicationContext
2023-02-22T15:42:43.901+05:30  INFO 17224 --- [restartedMain] w.s.c.ServletWebServerApplicationContext : Root WebApplicationContext: initialization completed in 258 ms
2023-02-22T15:42:43.913+05:30  WARN 17224 --- [restartedMain] ConfigServletWebServerApplicationContext : Exception encountered during context initialization - cancelling refresh attempt: org.springframework.beans.factory.BeanCreationException: Error creating bean with name 'employeeController' defined in file [D:\Training WorkSpace\SpringBoot\lti-springboot-demo\lti-springboot-demo\target\classes\com\lti\demo\controller\EmployeeController.class]: Failed to instantiate [com.lti.demo.controller.EmployeeController]: Constructor threw exception
2023-02-22T15:42:43.914+05:30  INFO 17224 --- [restartedMain] o.apache.catalina.core.StandardService   : Stopping service [Tomcat]
2023-02-22T15:42:43.921+05:30  INFO 17224 --- [restartedMain] .s.b.a.l.ConditionEvaluationReportLogger : 

Error starting ApplicationContext. To display the condition evaluation report re-run your application with 'debug' enabled.
2023-02-22T15:42:43.952+05:30 ERROR 17224 --- [restartedMain] o.s.boot.SpringApplication               : Application run failed

org.springframework.beans.factory.BeanCreationException: Error creating bean with name 'employeeController' defined in file [D:\Training WorkSpace\SpringBoot\lti-springboot-demo\lti-springboot-demo\target\classes\com\lti\demo\controller\EmployeeController.class]: Failed to instantiate [com.lti.demo.controller.EmployeeController]: Constructor threw exception
	at org.springframework.beans.factory.support.AbstractAutowireCapableBeanFactory.instantiateBean(AbstractAutowireCapableBeanFactory.java:1306) ~[spring-beans-6.0.4.jar:6.0.4]
	at org.springframework.beans.factory.support.AbstractAutowireCapableBeanFactory.createBeanInstance(AbstractAutowireCapableBeanFactory.java:1198) ~[spring-beans-6.0.4.jar:6.0.4]
	at org.springframework.beans.factory.support.AbstractAutowireCapableBeanFactory.doCreateBean(AbstractAutowireCapableBeanFactory.java:561) ~[spring-beans-6.0.4.jar:6.0.4]
	at org.springframework.beans.factory.support.AbstractAutowireCapableBeanFactory.createBean(AbstractAutowireCapableBeanFactory.java:521) ~[spring-beans-6.0.4.jar:6.0.4]
	at org.springframework.beans.factory.support.AbstractBeanFactory.lambda$doGetBean$0(AbstractBeanFactory.java:326) ~[spring-beans-6.0.4.jar:6.0.4]
	at org.springframework.beans.factory.support.DefaultSingletonBeanRegistry.getSingleton(DefaultSingletonBeanRegistry.java:234) ~[spring-beans-6.0.4.jar:6.0.4]
	at org.springframework.beans.factory.support.AbstractBeanFactory.doGetBean(AbstractBeanFactory.java:324) ~[spring-beans-6.0.4.jar:6.0.4]
	at org.springframework.beans.factory.support.AbstractBeanFactory.getBean(AbstractBeanFactory.java:200) ~[spring-beans-6.0.4.jar:6.0.4]
	at org.springframework.beans.factory.support.DefaultListableBeanFactory.preInstantiateSingletons(DefaultListableBeanFactory.java:961) ~[spring-beans-6.0.4.jar:6.0.4]
	at org.springframework.context.support.AbstractApplicationContext.finishBeanFactoryInitialization(AbstractApplicationContext.java:915) ~[spring-context-6.0.4.jar:6.0.4]
	at org.springframework.context.support.AbstractApplicationContext.refresh(AbstractApplicationContext.java:584) ~[spring-context-6.0.4.jar:6.0.4]
	at org.springframework.boot.web.servlet.context.ServletWebServerApplicationContext.refresh(ServletWebServerApplicationContext.java:146) ~[spring-boot-3.0.2.jar:3.0.2]
	at org.springframework.boot.SpringApplication.refresh(SpringApplication.java:730) ~[spring-boot-3.0.2.jar:3.0.2]
	at org.springframework.boot.SpringApplication.refreshContext(SpringApplication.java:432) ~[spring-boot-3.0.2.jar:3.0.2]
	at org.springframework.boot.SpringApplication.run(SpringApplication.java:308) ~[spring-boot-3.0.2.jar:3.0.2]
	at org.springframework.boot.SpringApplication.run(SpringApplication.java:1302) ~[spring-boot-3.0.2.jar:3.0.2]
	at org.springframework.boot.SpringApplication.run(SpringApplication.java:1291) ~[spring-boot-3.0.2.jar:3.0.2]
	at com.lti.demo.LtiSpringbootDemoApplication.main(LtiSpringbootDemoApplication.java:10) ~[classes/:na]
	at java.base/jdk.internal.reflect.NativeMethodAccessorImpl.invoke0(Native Method) ~[na:na]
	at java.base/jdk.internal.reflect.NativeMethodAccessorImpl.invoke(NativeMethodAccessorImpl.java:77) ~[na:na]
	at java.base/jdk.internal.reflect.DelegatingMethodAccessorImpl.invoke(DelegatingMethodAccessorImpl.java:43) ~[na:na]
	at java.base/java.lang.reflect.Method.invoke(Method.java:568) ~[na:na]
	at org.springframework.boot.devtools.restart.RestartLauncher.run(RestartLauncher.java:49) ~[spring-boot-devtools-3.0.2.jar:3.0.2]
Caused by: org.springframework.beans.BeanInstantiationException: Failed to instantiate [com.lti.demo.controller.EmployeeController]: Constructor threw exception
	at org.springframework.beans.BeanUtils.instantiateClass(BeanUtils.java:223) ~[spring-beans-6.0.4.jar:6.0.4]
	at org.springframework.beans.factory.support.SimpleInstantiationStrategy.instantiate(SimpleInstantiationStrategy.java:87) ~[spring-beans-6.0.4.jar:6.0.4]
	at org.springframework.beans.factory.support.AbstractAutowireCapableBeanFactory.instantiateBean(AbstractAutowireCapableBeanFactory.java:1300) ~[spring-beans-6.0.4.jar:6.0.4]
	... 22 common frames omitted
Caused by: java.lang.Error: Unresolved compilation problems: 
	The constructor HttpHeaders() is undefined
	Syntax error on token ".", @ expected after this token
	Syntax error on token ",", < expected
	Syntax error, insert "SimpleName" to complete QualifiedName
	Syntax error, insert "Identifier (" to complete MethodHeaderName
	Syntax error, insert ")" to complete MethodDeclaration
	empList cannot be resolved to a variable
	emp cannot be resolved to a variable

	at com.lti.demo.controller.EmployeeController.<init>(EmployeeController.java:33) ~[classes/:na]
	at java.base/jdk.internal.reflect.NativeConstructorAccessorImpl.newInstance0(Native Method) ~[na:na]
	at java.base/jdk.internal.reflect.NativeConstructorAccessorImpl.newInstance(NativeConstructorAccessorImpl.java:77) ~[na:na]
	at java.base/jdk.internal.reflect.DelegatingConstructorAccessorImpl.newInstance(DelegatingConstructorAccessorImpl.java:45) ~[na:na]
	at java.base/java.lang.reflect.Constructor.newInstanceWithCaller(Constructor.java:499) ~[na:na]
	at java.base/java.lang.reflect.Constructor.newInstance(Constructor.java:480) ~[na:na]
	at org.springframework.beans.BeanUtils.instantiateClass(BeanUtils.java:197) ~[spring-beans-6.0.4.jar:6.0.4]
	... 24 common frames omitted

2023-02-22T15:42:47.484+05:30  INFO 17224 --- [restartedMain] c.lti.demo.LtiSpringbootDemoApplication  : Starting LtiSpringbootDemoApplication using Java 17.0.6 with PID 17224 (D:\Training WorkSpace\SpringBoot\lti-springboot-demo\lti-springboot-demo\target\classes started by 10715878 in D:\Training WorkSpace\SpringBoot\lti-springboot-demo\lti-springboot-demo)
2023-02-22T15:42:47.486+05:30  INFO 17224 --- [restartedMain] c.lti.demo.LtiSpringbootDemoApplication  : No active profile set, falling back to 1 default profile: "default"
2023-02-22T15:42:47.821+05:30  INFO 17224 --- [restartedMain] o.s.b.w.embedded.tomcat.TomcatWebServer  : Tomcat initialized with port(s): 8080 (http)
2023-02-22T15:42:47.823+05:30  INFO 17224 --- [restartedMain] o.apache.catalina.core.StandardService   : Starting service [Tomcat]
2023-02-22T15:42:47.824+05:30  INFO 17224 --- [restartedMain] o.apache.catalina.core.StandardEngine    : Starting Servlet engine: [Apache Tomcat/10.1.5]
2023-02-22T15:42:47.869+05:30  INFO 17224 --- [restartedMain] o.a.c.c.C.[Tomcat-1].[localhost].[/]     : Initializing Spring embedded WebApplicationContext
2023-02-22T15:42:47.871+05:30  INFO 17224 --- [restartedMain] w.s.c.ServletWebServerApplicationContext : Root WebApplicationContext: initialization completed in 380 ms
2023-02-22T15:42:47.991+05:30  INFO 17224 --- [restartedMain] o.s.b.d.a.OptionalLiveReloadServer       : LiveReload server is running on port 35729
2023-02-22T15:42:48.016+05:30  INFO 17224 --- [restartedMain] o.s.b.w.embedded.tomcat.TomcatWebServer  : Tomcat started on port(s): 8080 (http) with context path ''
2023-02-22T15:42:48.020+05:30  INFO 17224 --- [restartedMain] c.lti.demo.LtiSpringbootDemoApplication  : Started LtiSpringbootDemoApplication in 0.579 seconds (process running for 1494.734)
2023-02-22T15:42:48.023+05:30  INFO 17224 --- [restartedMain] .ConditionEvaluationDeltaLoggingListener : Condition evaluation unchanged
2023-02-22T15:43:08.843+05:30  INFO 17224 --- [File Watcher] rtingClassPathChangeChangedEventListener : Restarting due to 1 class path change (0 additions, 0 deletions, 1 modification)
2023-02-22T15:43:08.880+05:30  INFO 17224 --- [Thread-47] o.apache.catalina.core.StandardService   : Stopping service [Tomcat]
2023-02-22T15:43:08.972+05:30  INFO 17224 --- [restartedMain] c.lti.demo.LtiSpringbootDemoApplication  : Starting LtiSpringbootDemoApplication using Java 17.0.6 with PID 17224 (D:\Training WorkSpace\SpringBoot\lti-springboot-demo\lti-springboot-demo\target\classes started by 10715878 in D:\Training WorkSpace\SpringBoot\lti-springboot-demo\lti-springboot-demo)
2023-02-22T15:43:08.972+05:30  INFO 17224 --- [restartedMain] c.lti.demo.LtiSpringbootDemoApplication  : No active profile set, falling back to 1 default profile: "default"
2023-02-22T15:43:09.160+05:30  INFO 17224 --- [restartedMain] o.s.b.w.embedded.tomcat.TomcatWebServer  : Tomcat initialized with port(s): 8080 (http)
2023-02-22T15:43:09.161+05:30  INFO 17224 --- [restartedMain] o.apache.catalina.core.StandardService   : Starting service [Tomcat]
2023-02-22T15:43:09.162+05:30  INFO 17224 --- [restartedMain] o.apache.catalina.core.StandardEngine    : Starting Servlet engine: [Apache Tomcat/10.1.5]
2023-02-22T15:43:09.193+05:30  INFO 17224 --- [restartedMain] o.a.c.c.C.[Tomcat-1].[localhost].[/]     : Initializing Spring embedded WebApplicationContext
2023-02-22T15:43:09.193+05:30  INFO 17224 --- [restartedMain] w.s.c.ServletWebServerApplicationContext : Root WebApplicationContext: initialization completed in 218 ms
2023-02-22T15:43:09.261+05:30  INFO 17224 --- [restartedMain] o.s.b.d.a.OptionalLiveReloadServer       : LiveReload server is running on port 35729
2023-02-22T15:43:09.278+05:30  INFO 17224 --- [restartedMain] o.s.b.w.embedded.tomcat.TomcatWebServer  : Tomcat started on port(s): 8080 (http) with context path ''
2023-02-22T15:43:09.282+05:30  INFO 17224 --- [restartedMain] c.lti.demo.LtiSpringbootDemoApplication  : Started LtiSpringbootDemoApplication in 0.332 seconds (process running for 1515.996)
2023-02-22T15:43:09.285+05:30  INFO 17224 --- [restartedMain] .ConditionEvaluationDeltaLoggingListener : Condition evaluation unchanged
2023-02-22T15:44:16.046+05:30  INFO 17224 --- [File Watcher] rtingClassPathChangeChangedEventListener : Restarting due to 1 class path change (0 additions, 0 deletions, 1 modification)
2023-02-22T15:44:16.100+05:30  INFO 17224 --- [Thread-54] o.apache.catalina.core.StandardService   : Stopping service [Tomcat]
2023-02-22T15:44:16.216+05:30  INFO 17224 --- [restartedMain] c.lti.demo.LtiSpringbootDemoApplication  : Starting LtiSpringbootDemoApplication using Java 17.0.6 with PID 17224 (D:\Training WorkSpace\SpringBoot\lti-springboot-demo\lti-springboot-demo\target\classes started by 10715878 in D:\Training WorkSpace\SpringBoot\lti-springboot-demo\lti-springboot-demo)
2023-02-22T15:44:16.217+05:30  INFO 17224 --- [restartedMain] c.lti.demo.LtiSpringbootDemoApplication  : No active profile set, falling back to 1 default profile: "default"
2023-02-22T15:44:16.410+05:30  INFO 17224 --- [restartedMain] o.s.b.w.embedded.tomcat.TomcatWebServer  : Tomcat initialized with port(s): 8080 (http)
2023-02-22T15:44:16.411+05:30  INFO 17224 --- [restartedMain] o.apache.catalina.core.StandardService   : Starting service [Tomcat]
2023-02-22T15:44:16.411+05:30  INFO 17224 --- [restartedMain] o.apache.catalina.core.StandardEngine    : Starting Servlet engine: [Apache Tomcat/10.1.5]
2023-02-22T15:44:16.451+05:30  INFO 17224 --- [restartedMain] o.a.c.c.C.[Tomcat-1].[localhost].[/]     : Initializing Spring embedded WebApplicationContext
2023-02-22T15:44:16.451+05:30  INFO 17224 --- [restartedMain] w.s.c.ServletWebServerApplicationContext : Root WebApplicationContext: initialization completed in 230 ms
2023-02-22T15:44:16.525+05:30  INFO 17224 --- [restartedMain] o.s.b.d.a.OptionalLiveReloadServer       : LiveReload server is running on port 35729
2023-02-22T15:44:16.546+05:30  INFO 17224 --- [restartedMain] o.s.b.w.embedded.tomcat.TomcatWebServer  : Tomcat started on port(s): 8080 (http) with context path ''
2023-02-22T15:44:16.551+05:30  INFO 17224 --- [restartedMain] c.lti.demo.LtiSpringbootDemoApplication  : Started LtiSpringbootDemoApplication in 0.37 seconds (process running for 1583.265)
2023-02-22T15:44:16.553+05:30  INFO 17224 --- [restartedMain] .ConditionEvaluationDeltaLoggingListener : Condition evaluation unchanged
2023-02-22T15:44:24.096+05:30  INFO 17224 --- [File Watcher] rtingClassPathChangeChangedEventListener : Restarting due to 1 class path change (0 additions, 0 deletions, 1 modification)
2023-02-22T15:44:24.151+05:30  INFO 17224 --- [Thread-58] o.apache.catalina.core.StandardService   : Stopping service [Tomcat]
2023-02-22T15:44:24.287+05:30  INFO 17224 --- [restartedMain] c.lti.demo.LtiSpringbootDemoApplication  : Starting LtiSpringbootDemoApplication using Java 17.0.6 with PID 17224 (D:\Training WorkSpace\SpringBoot\lti-springboot-demo\lti-springboot-demo\target\classes started by 10715878 in D:\Training WorkSpace\SpringBoot\lti-springboot-demo\lti-springboot-demo)
2023-02-22T15:44:24.287+05:30  INFO 17224 --- [restartedMain] c.lti.demo.LtiSpringbootDemoApplication  : No active profile set, falling back to 1 default profile: "default"
2023-02-22T15:44:24.593+05:30  INFO 17224 --- [restartedMain] o.s.b.w.embedded.tomcat.TomcatWebServer  : Tomcat initialized with port(s): 8080 (http)
2023-02-22T15:44:24.596+05:30  INFO 17224 --- [restartedMain] o.apache.catalina.core.StandardService   : Starting service [Tomcat]
2023-02-22T15:44:24.596+05:30  INFO 17224 --- [restartedMain] o.apache.catalina.core.StandardEngine    : Starting Servlet engine: [Apache Tomcat/10.1.5]
2023-02-22T15:44:24.693+05:30  INFO 17224 --- [restartedMain] o.a.c.c.C.[Tomcat-1].[localhost].[/]     : Initializing Spring embedded WebApplicationContext
2023-02-22T15:44:24.693+05:30  INFO 17224 --- [restartedMain] w.s.c.ServletWebServerApplicationContext : Root WebApplicationContext: initialization completed in 401 ms
2023-02-22T15:44:24.913+05:30  INFO 17224 --- [restartedMain] o.s.b.d.a.OptionalLiveReloadServer       : LiveReload server is running on port 35729
2023-02-22T15:44:24.932+05:30  INFO 17224 --- [restartedMain] o.s.b.w.embedded.tomcat.TomcatWebServer  : Tomcat started on port(s): 8080 (http) with context path ''
2023-02-22T15:44:24.936+05:30  INFO 17224 --- [restartedMain] c.lti.demo.LtiSpringbootDemoApplication  : Started LtiSpringbootDemoApplication in 0.693 seconds (process running for 1591.65)
2023-02-22T15:44:24.943+05:30  INFO 17224 --- [restartedMain] .ConditionEvaluationDeltaLoggingListener : Condition evaluation unchanged
2023-02-22T15:44:32.561+05:30  INFO 17224 --- [File Watcher] rtingClassPathChangeChangedEventListener : Restarting due to 1 class path change (0 additions, 0 deletions, 1 modification)
2023-02-22T15:44:32.604+05:30  INFO 17224 --- [Thread-62] o.apache.catalina.core.StandardService   : Stopping service [Tomcat]
2023-02-22T15:44:32.720+05:30  INFO 17224 --- [restartedMain] c.lti.demo.LtiSpringbootDemoApplication  : Starting LtiSpringbootDemoApplication using Java 17.0.6 with PID 17224 (D:\Training WorkSpace\SpringBoot\lti-springboot-demo\lti-springboot-demo\target\classes started by 10715878 in D:\Training WorkSpace\SpringBoot\lti-springboot-demo\lti-springboot-demo)
2023-02-22T15:44:32.721+05:30  INFO 17224 --- [restartedMain] c.lti.demo.LtiSpringbootDemoApplication  : No active profile set, falling back to 1 default profile: "default"
2023-02-22T15:44:32.941+05:30  INFO 17224 --- [restartedMain] o.s.b.w.embedded.tomcat.TomcatWebServer  : Tomcat initialized with port(s): 8080 (http)
2023-02-22T15:44:32.942+05:30  INFO 17224 --- [restartedMain] o.apache.catalina.core.StandardService   : Starting service [Tomcat]
2023-02-22T15:44:32.942+05:30  INFO 17224 --- [restartedMain] o.apache.catalina.core.StandardEngine    : Starting Servlet engine: [Apache Tomcat/10.1.5]
2023-02-22T15:44:32.981+05:30  INFO 17224 --- [restartedMain] o.a.c.c.C.[Tomcat-1].[localhost].[/]     : Initializing Spring embedded WebApplicationContext
2023-02-22T15:44:32.981+05:30  INFO 17224 --- [restartedMain] w.s.c.ServletWebServerApplicationContext : Root WebApplicationContext: initialization completed in 257 ms
2023-02-22T15:44:33.086+05:30  INFO 17224 --- [restartedMain] o.s.b.d.a.OptionalLiveReloadServer       : LiveReload server is running on port 35729
2023-02-22T15:44:33.102+05:30  INFO 17224 --- [restartedMain] o.s.b.w.embedded.tomcat.TomcatWebServer  : Tomcat started on port(s): 8080 (http) with context path ''
2023-02-22T15:44:33.105+05:30  INFO 17224 --- [restartedMain] c.lti.demo.LtiSpringbootDemoApplication  : Started LtiSpringbootDemoApplication in 0.411 seconds (process running for 1599.819)
2023-02-22T15:44:33.106+05:30  INFO 17224 --- [restartedMain] .ConditionEvaluationDeltaLoggingListener : Condition evaluation unchanged
2023-02-22T15:44:35.529+05:30  INFO 17224 --- [File Watcher] rtingClassPathChangeChangedEventListener : Restarting due to 1 class path change (0 additions, 0 deletions, 1 modification)
2023-02-22T15:44:35.569+05:30  INFO 17224 --- [Thread-66] o.apache.catalina.core.StandardService   : Stopping service [Tomcat]
2023-02-22T15:44:35.674+05:30  INFO 17224 --- [restartedMain] c.lti.demo.LtiSpringbootDemoApplication  : Starting LtiSpringbootDemoApplication using Java 17.0.6 with PID 17224 (D:\Training WorkSpace\SpringBoot\lti-springboot-demo\lti-springboot-demo\target\classes started by 10715878 in D:\Training WorkSpace\SpringBoot\lti-springboot-demo\lti-springboot-demo)
2023-02-22T15:44:35.675+05:30  INFO 17224 --- [restartedMain] c.lti.demo.LtiSpringbootDemoApplication  : No active profile set, falling back to 1 default profile: "default"
2023-02-22T15:44:35.975+05:30  INFO 17224 --- [restartedMain] o.s.b.w.embedded.tomcat.TomcatWebServer  : Tomcat initialized with port(s): 8080 (http)
2023-02-22T15:44:35.976+05:30  INFO 17224 --- [restartedMain] o.apache.catalina.core.StandardService   : Starting service [Tomcat]
2023-02-22T15:44:35.977+05:30  INFO 17224 --- [restartedMain] o.apache.catalina.core.StandardEngine    : Starting Servlet engine: [Apache Tomcat/10.1.5]
2023-02-22T15:44:36.037+05:30  INFO 17224 --- [restartedMain] o.a.c.c.C.[Tomcat-1].[localhost].[/]     : Initializing Spring embedded WebApplicationContext
2023-02-22T15:44:36.039+05:30  INFO 17224 --- [restartedMain] w.s.c.ServletWebServerApplicationContext : Root WebApplicationContext: initialization completed in 361 ms
2023-02-22T15:44:36.054+05:30  WARN 17224 --- [restartedMain] ConfigServletWebServerApplicationContext : Exception encountered during context initialization - cancelling refresh attempt: org.springframework.beans.factory.BeanCreationException: Error creating bean with name 'employeeController' defined in file [D:\Training WorkSpace\SpringBoot\lti-springboot-demo\lti-springboot-demo\target\classes\com\lti\demo\controller\EmployeeController.class]: Failed to instantiate [com.lti.demo.controller.EmployeeController]: Constructor threw exception
2023-02-22T15:44:36.055+05:30  INFO 17224 --- [restartedMain] o.apache.catalina.core.StandardService   : Stopping service [Tomcat]
2023-02-22T15:44:36.066+05:30  INFO 17224 --- [restartedMain] .s.b.a.l.ConditionEvaluationReportLogger : 

Error starting ApplicationContext. To display the condition evaluation report re-run your application with 'debug' enabled.
2023-02-22T15:44:36.078+05:30 ERROR 17224 --- [restartedMain] o.s.boot.SpringApplication               : Application run failed

org.springframework.beans.factory.BeanCreationException: Error creating bean with name 'employeeController' defined in file [D:\Training WorkSpace\SpringBoot\lti-springboot-demo\lti-springboot-demo\target\classes\com\lti\demo\controller\EmployeeController.class]: Failed to instantiate [com.lti.demo.controller.EmployeeController]: Constructor threw exception
	at org.springframework.beans.factory.support.AbstractAutowireCapableBeanFactory.instantiateBean(AbstractAutowireCapableBeanFactory.java:1306) ~[spring-beans-6.0.4.jar:6.0.4]
	at org.springframework.beans.factory.support.AbstractAutowireCapableBeanFactory.createBeanInstance(AbstractAutowireCapableBeanFactory.java:1198) ~[spring-beans-6.0.4.jar:6.0.4]
	at org.springframework.beans.factory.support.AbstractAutowireCapableBeanFactory.doCreateBean(AbstractAutowireCapableBeanFactory.java:561) ~[spring-beans-6.0.4.jar:6.0.4]
	at org.springframework.beans.factory.support.AbstractAutowireCapableBeanFactory.createBean(AbstractAutowireCapableBeanFactory.java:521) ~[spring-beans-6.0.4.jar:6.0.4]
	at org.springframework.beans.factory.support.AbstractBeanFactory.lambda$doGetBean$0(AbstractBeanFactory.java:326) ~[spring-beans-6.0.4.jar:6.0.4]
	at org.springframework.beans.factory.support.DefaultSingletonBeanRegistry.getSingleton(DefaultSingletonBeanRegistry.java:234) ~[spring-beans-6.0.4.jar:6.0.4]
	at org.springframework.beans.factory.support.AbstractBeanFactory.doGetBean(AbstractBeanFactory.java:324) ~[spring-beans-6.0.4.jar:6.0.4]
	at org.springframework.beans.factory.support.AbstractBeanFactory.getBean(AbstractBeanFactory.java:200) ~[spring-beans-6.0.4.jar:6.0.4]
	at org.springframework.beans.factory.support.DefaultListableBeanFactory.preInstantiateSingletons(DefaultListableBeanFactory.java:961) ~[spring-beans-6.0.4.jar:6.0.4]
	at org.springframework.context.support.AbstractApplicationContext.finishBeanFactoryInitialization(AbstractApplicationContext.java:915) ~[spring-context-6.0.4.jar:6.0.4]
	at org.springframework.context.support.AbstractApplicationContext.refresh(AbstractApplicationContext.java:584) ~[spring-context-6.0.4.jar:6.0.4]
	at org.springframework.boot.web.servlet.context.ServletWebServerApplicationContext.refresh(ServletWebServerApplicationContext.java:146) ~[spring-boot-3.0.2.jar:3.0.2]
	at org.springframework.boot.SpringApplication.refresh(SpringApplication.java:730) ~[spring-boot-3.0.2.jar:3.0.2]
	at org.springframework.boot.SpringApplication.refreshContext(SpringApplication.java:432) ~[spring-boot-3.0.2.jar:3.0.2]
	at org.springframework.boot.SpringApplication.run(SpringApplication.java:308) ~[spring-boot-3.0.2.jar:3.0.2]
	at org.springframework.boot.SpringApplication.run(SpringApplication.java:1302) ~[spring-boot-3.0.2.jar:3.0.2]
	at org.springframework.boot.SpringApplication.run(SpringApplication.java:1291) ~[spring-boot-3.0.2.jar:3.0.2]
	at com.lti.demo.LtiSpringbootDemoApplication.main(LtiSpringbootDemoApplication.java:10) ~[classes/:na]
	at java.base/jdk.internal.reflect.NativeMethodAccessorImpl.invoke0(Native Method) ~[na:na]
	at java.base/jdk.internal.reflect.NativeMethodAccessorImpl.invoke(NativeMethodAccessorImpl.java:77) ~[na:na]
	at java.base/jdk.internal.reflect.DelegatingMethodAccessorImpl.invoke(DelegatingMethodAccessorImpl.java:43) ~[na:na]
	at java.base/java.lang.reflect.Method.invoke(Method.java:568) ~[na:na]
	at org.springframework.boot.devtools.restart.RestartLauncher.run(RestartLauncher.java:49) ~[spring-boot-devtools-3.0.2.jar:3.0.2]
Caused by: org.springframework.beans.BeanInstantiationException: Failed to instantiate [com.lti.demo.controller.EmployeeController]: Constructor threw exception
	at org.springframework.beans.BeanUtils.instantiateClass(BeanUtils.java:223) ~[spring-beans-6.0.4.jar:6.0.4]
	at org.springframework.beans.factory.support.SimpleInstantiationStrategy.instantiate(SimpleInstantiationStrategy.java:87) ~[spring-beans-6.0.4.jar:6.0.4]
	at org.springframework.beans.factory.support.AbstractAutowireCapableBeanFactory.instantiateBean(AbstractAutowireCapableBeanFactory.java:1300) ~[spring-beans-6.0.4.jar:6.0.4]
	... 22 common frames omitted
Caused by: java.lang.Error: Unresolved compilation problems: 
	The constructor HttpHeaders() is undefined
	The method add(String, String) is undefined for the type HttpHeaders
	Cannot infer type arguments for ResponseEntity<>
	The constructor HttpHeaders() is undefined
	The method add(String, String) is undefined for the type HttpHeaders
	Cannot infer type arguments for ResponseEntity<>
	The annotation @RequestMapping is disallowed for this location
	emp cannot be resolved to a variable
	headers cannot be resolved to a variable
	Syntax error on token ";", { expected after this token

	at com.lti.demo.controller.EmployeeController.<init>(EmployeeController.java:36) ~[classes/:na]
	at java.base/jdk.internal.reflect.NativeConstructorAccessorImpl.newInstance0(Native Method) ~[na:na]
	at java.base/jdk.internal.reflect.NativeConstructorAccessorImpl.newInstance(NativeConstructorAccessorImpl.java:77) ~[na:na]
	at java.base/jdk.internal.reflect.DelegatingConstructorAccessorImpl.newInstance(DelegatingConstructorAccessorImpl.java:45) ~[na:na]
	at java.base/java.lang.reflect.Constructor.newInstanceWithCaller(Constructor.java:499) ~[na:na]
	at java.base/java.lang.reflect.Constructor.newInstance(Constructor.java:480) ~[na:na]
	at org.springframework.beans.BeanUtils.instantiateClass(BeanUtils.java:197) ~[spring-beans-6.0.4.jar:6.0.4]
	... 24 common frames omitted

2023-02-22T15:44:37.576+05:30  INFO 17224 --- [restartedMain] c.lti.demo.LtiSpringbootDemoApplication  : Starting LtiSpringbootDemoApplication using Java 17.0.6 with PID 17224 (D:\Training WorkSpace\SpringBoot\lti-springboot-demo\lti-springboot-demo\target\classes started by 10715878 in D:\Training WorkSpace\SpringBoot\lti-springboot-demo\lti-springboot-demo)
2023-02-22T15:44:37.577+05:30  INFO 17224 --- [restartedMain] c.lti.demo.LtiSpringbootDemoApplication  : No active profile set, falling back to 1 default profile: "default"
2023-02-22T15:44:37.754+05:30  INFO 17224 --- [restartedMain] o.s.b.w.embedded.tomcat.TomcatWebServer  : Tomcat initialized with port(s): 8080 (http)
2023-02-22T15:44:37.755+05:30  INFO 17224 --- [restartedMain] o.apache.catalina.core.StandardService   : Starting service [Tomcat]
2023-02-22T15:44:37.756+05:30  INFO 17224 --- [restartedMain] o.apache.catalina.core.StandardEngine    : Starting Servlet engine: [Apache Tomcat/10.1.5]
2023-02-22T15:44:37.791+05:30  INFO 17224 --- [restartedMain] o.a.c.c.C.[Tomcat-2].[localhost].[/]     : Initializing Spring embedded WebApplicationContext
2023-02-22T15:44:37.791+05:30  INFO 17224 --- [restartedMain] w.s.c.ServletWebServerApplicationContext : Root WebApplicationContext: initialization completed in 211 ms
2023-02-22T15:44:37.801+05:30  WARN 17224 --- [restartedMain] ConfigServletWebServerApplicationContext : Exception encountered during context initialization - cancelling refresh attempt: org.springframework.beans.factory.BeanCreationException: Error creating bean with name 'employeeController' defined in file [D:\Training WorkSpace\SpringBoot\lti-springboot-demo\lti-springboot-demo\target\classes\com\lti\demo\controller\EmployeeController.class]: Failed to instantiate [com.lti.demo.controller.EmployeeController]: Constructor threw exception
2023-02-22T15:44:37.802+05:30  INFO 17224 --- [restartedMain] o.apache.catalina.core.StandardService   : Stopping service [Tomcat]
2023-02-22T15:44:37.809+05:30  INFO 17224 --- [restartedMain] .s.b.a.l.ConditionEvaluationReportLogger : 

Error starting ApplicationContext. To display the condition evaluation report re-run your application with 'debug' enabled.
2023-02-22T15:44:37.818+05:30 ERROR 17224 --- [restartedMain] o.s.boot.SpringApplication               : Application run failed

org.springframework.beans.factory.BeanCreationException: Error creating bean with name 'employeeController' defined in file [D:\Training WorkSpace\SpringBoot\lti-springboot-demo\lti-springboot-demo\target\classes\com\lti\demo\controller\EmployeeController.class]: Failed to instantiate [com.lti.demo.controller.EmployeeController]: Constructor threw exception
	at org.springframework.beans.factory.support.AbstractAutowireCapableBeanFactory.instantiateBean(AbstractAutowireCapableBeanFactory.java:1306) ~[spring-beans-6.0.4.jar:6.0.4]
	at org.springframework.beans.factory.support.AbstractAutowireCapableBeanFactory.createBeanInstance(AbstractAutowireCapableBeanFactory.java:1198) ~[spring-beans-6.0.4.jar:6.0.4]
	at org.springframework.beans.factory.support.AbstractAutowireCapableBeanFactory.doCreateBean(AbstractAutowireCapableBeanFactory.java:561) ~[spring-beans-6.0.4.jar:6.0.4]
	at org.springframework.beans.factory.support.AbstractAutowireCapableBeanFactory.createBean(AbstractAutowireCapableBeanFactory.java:521) ~[spring-beans-6.0.4.jar:6.0.4]
	at org.springframework.beans.factory.support.AbstractBeanFactory.lambda$doGetBean$0(AbstractBeanFactory.java:326) ~[spring-beans-6.0.4.jar:6.0.4]
	at org.springframework.beans.factory.support.DefaultSingletonBeanRegistry.getSingleton(DefaultSingletonBeanRegistry.java:234) ~[spring-beans-6.0.4.jar:6.0.4]
	at org.springframework.beans.factory.support.AbstractBeanFactory.doGetBean(AbstractBeanFactory.java:324) ~[spring-beans-6.0.4.jar:6.0.4]
	at org.springframework.beans.factory.support.AbstractBeanFactory.getBean(AbstractBeanFactory.java:200) ~[spring-beans-6.0.4.jar:6.0.4]
	at org.springframework.beans.factory.support.DefaultListableBeanFactory.preInstantiateSingletons(DefaultListableBeanFactory.java:961) ~[spring-beans-6.0.4.jar:6.0.4]
	at org.springframework.context.support.AbstractApplicationContext.finishBeanFactoryInitialization(AbstractApplicationContext.java:915) ~[spring-context-6.0.4.jar:6.0.4]
	at org.springframework.context.support.AbstractApplicationContext.refresh(AbstractApplicationContext.java:584) ~[spring-context-6.0.4.jar:6.0.4]
	at org.springframework.boot.web.servlet.context.ServletWebServerApplicationContext.refresh(ServletWebServerApplicationContext.java:146) ~[spring-boot-3.0.2.jar:3.0.2]
	at org.springframework.boot.SpringApplication.refresh(SpringApplication.java:730) ~[spring-boot-3.0.2.jar:3.0.2]
	at org.springframework.boot.SpringApplication.refreshContext(SpringApplication.java:432) ~[spring-boot-3.0.2.jar:3.0.2]
	at org.springframework.boot.SpringApplication.run(SpringApplication.java:308) ~[spring-boot-3.0.2.jar:3.0.2]
	at org.springframework.boot.SpringApplication.run(SpringApplication.java:1302) ~[spring-boot-3.0.2.jar:3.0.2]
	at org.springframework.boot.SpringApplication.run(SpringApplication.java:1291) ~[spring-boot-3.0.2.jar:3.0.2]
	at com.lti.demo.LtiSpringbootDemoApplication.main(LtiSpringbootDemoApplication.java:10) ~[classes/:na]
	at java.base/jdk.internal.reflect.NativeMethodAccessorImpl.invoke0(Native Method) ~[na:na]
	at java.base/jdk.internal.reflect.NativeMethodAccessorImpl.invoke(NativeMethodAccessorImpl.java:77) ~[na:na]
	at java.base/jdk.internal.reflect.DelegatingMethodAccessorImpl.invoke(DelegatingMethodAccessorImpl.java:43) ~[na:na]
	at java.base/java.lang.reflect.Method.invoke(Method.java:568) ~[na:na]
	at org.springframework.boot.devtools.restart.RestartLauncher.run(RestartLauncher.java:49) ~[spring-boot-devtools-3.0.2.jar:3.0.2]
Caused by: org.springframework.beans.BeanInstantiationException: Failed to instantiate [com.lti.demo.controller.EmployeeController]: Constructor threw exception
	at org.springframework.beans.BeanUtils.instantiateClass(BeanUtils.java:223) ~[spring-beans-6.0.4.jar:6.0.4]
	at org.springframework.beans.factory.support.SimpleInstantiationStrategy.instantiate(SimpleInstantiationStrategy.java:87) ~[spring-beans-6.0.4.jar:6.0.4]
	at org.springframework.beans.factory.support.AbstractAutowireCapableBeanFactory.instantiateBean(AbstractAutowireCapableBeanFactory.java:1300) ~[spring-beans-6.0.4.jar:6.0.4]
	... 22 common frames omitted
Caused by: java.lang.Error: Unresolved compilation problems: 
	The constructor HttpHeaders() is undefined
	The method add(String, String) is undefined for the type HttpHeaders
	Cannot infer type arguments for ResponseEntity<>
	The constructor HttpHeaders() is undefined
	The method add(String, String) is undefined for the type HttpHeaders
	Cannot infer type arguments for ResponseEntity<>
	emp cannot be resolved to a variable
	headers cannot be resolved to a variable
	Syntax error on token ";", { expected after this token

	at com.lti.demo.controller.EmployeeController.<init>(EmployeeController.java:36) ~[classes/:na]
	at java.base/jdk.internal.reflect.NativeConstructorAccessorImpl.newInstance0(Native Method) ~[na:na]
	at java.base/jdk.internal.reflect.NativeConstructorAccessorImpl.newInstance(NativeConstructorAccessorImpl.java:77) ~[na:na]
	at java.base/jdk.internal.reflect.DelegatingConstructorAccessorImpl.newInstance(DelegatingConstructorAccessorImpl.java:45) ~[na:na]
	at java.base/java.lang.reflect.Constructor.newInstanceWithCaller(Constructor.java:499) ~[na:na]
	at java.base/java.lang.reflect.Constructor.newInstance(Constructor.java:480) ~[na:na]
	at org.springframework.beans.BeanUtils.instantiateClass(BeanUtils.java:197) ~[spring-beans-6.0.4.jar:6.0.4]
	... 24 common frames omitted

2023-02-22T15:44:40.312+05:30  INFO 17224 --- [restartedMain] c.lti.demo.LtiSpringbootDemoApplication  : Starting LtiSpringbootDemoApplication using Java 17.0.6 with PID 17224 (D:\Training WorkSpace\SpringBoot\lti-springboot-demo\lti-springboot-demo\target\classes started by 10715878 in D:\Training WorkSpace\SpringBoot\lti-springboot-demo\lti-springboot-demo)
2023-02-22T15:44:40.312+05:30  INFO 17224 --- [restartedMain] c.lti.demo.LtiSpringbootDemoApplication  : No active profile set, falling back to 1 default profile: "default"
2023-02-22T15:44:40.528+05:30  INFO 17224 --- [restartedMain] o.s.b.w.embedded.tomcat.TomcatWebServer  : Tomcat initialized with port(s): 8080 (http)
2023-02-22T15:44:40.530+05:30  INFO 17224 --- [restartedMain] o.apache.catalina.core.StandardService   : Starting service [Tomcat]
2023-02-22T15:44:40.530+05:30  INFO 17224 --- [restartedMain] o.apache.catalina.core.StandardEngine    : Starting Servlet engine: [Apache Tomcat/10.1.5]
2023-02-22T15:44:40.571+05:30  INFO 17224 --- [restartedMain] o.a.c.c.C.[Tomcat-3].[localhost].[/]     : Initializing Spring embedded WebApplicationContext
2023-02-22T15:44:40.571+05:30  INFO 17224 --- [restartedMain] w.s.c.ServletWebServerApplicationContext : Root WebApplicationContext: initialization completed in 256 ms
2023-02-22T15:44:40.583+05:30  WARN 17224 --- [restartedMain] ConfigServletWebServerApplicationContext : Exception encountered during context initialization - cancelling refresh attempt: org.springframework.beans.factory.BeanCreationException: Error creating bean with name 'employeeController' defined in file [D:\Training WorkSpace\SpringBoot\lti-springboot-demo\lti-springboot-demo\target\classes\com\lti\demo\controller\EmployeeController.class]: Failed to instantiate [com.lti.demo.controller.EmployeeController]: Constructor threw exception
2023-02-22T15:44:40.584+05:30  INFO 17224 --- [restartedMain] o.apache.catalina.core.StandardService   : Stopping service [Tomcat]
2023-02-22T15:44:40.593+05:30  INFO 17224 --- [restartedMain] .s.b.a.l.ConditionEvaluationReportLogger : 

Error starting ApplicationContext. To display the condition evaluation report re-run your application with 'debug' enabled.
2023-02-22T15:44:40.600+05:30 ERROR 17224 --- [restartedMain] o.s.boot.SpringApplication               : Application run failed

org.springframework.beans.factory.BeanCreationException: Error creating bean with name 'employeeController' defined in file [D:\Training WorkSpace\SpringBoot\lti-springboot-demo\lti-springboot-demo\target\classes\com\lti\demo\controller\EmployeeController.class]: Failed to instantiate [com.lti.demo.controller.EmployeeController]: Constructor threw exception
	at org.springframework.beans.factory.support.AbstractAutowireCapableBeanFactory.instantiateBean(AbstractAutowireCapableBeanFactory.java:1306) ~[spring-beans-6.0.4.jar:6.0.4]
	at org.springframework.beans.factory.support.AbstractAutowireCapableBeanFactory.createBeanInstance(AbstractAutowireCapableBeanFactory.java:1198) ~[spring-beans-6.0.4.jar:6.0.4]
	at org.springframework.beans.factory.support.AbstractAutowireCapableBeanFactory.doCreateBean(AbstractAutowireCapableBeanFactory.java:561) ~[spring-beans-6.0.4.jar:6.0.4]
	at org.springframework.beans.factory.support.AbstractAutowireCapableBeanFactory.createBean(AbstractAutowireCapableBeanFactory.java:521) ~[spring-beans-6.0.4.jar:6.0.4]
	at org.springframework.beans.factory.support.AbstractBeanFactory.lambda$doGetBean$0(AbstractBeanFactory.java:326) ~[spring-beans-6.0.4.jar:6.0.4]
	at org.springframework.beans.factory.support.DefaultSingletonBeanRegistry.getSingleton(DefaultSingletonBeanRegistry.java:234) ~[spring-beans-6.0.4.jar:6.0.4]
	at org.springframework.beans.factory.support.AbstractBeanFactory.doGetBean(AbstractBeanFactory.java:324) ~[spring-beans-6.0.4.jar:6.0.4]
	at org.springframework.beans.factory.support.AbstractBeanFactory.getBean(AbstractBeanFactory.java:200) ~[spring-beans-6.0.4.jar:6.0.4]
	at org.springframework.beans.factory.support.DefaultListableBeanFactory.preInstantiateSingletons(DefaultListableBeanFactory.java:961) ~[spring-beans-6.0.4.jar:6.0.4]
	at org.springframework.context.support.AbstractApplicationContext.finishBeanFactoryInitialization(AbstractApplicationContext.java:915) ~[spring-context-6.0.4.jar:6.0.4]
	at org.springframework.context.support.AbstractApplicationContext.refresh(AbstractApplicationContext.java:584) ~[spring-context-6.0.4.jar:6.0.4]
	at org.springframework.boot.web.servlet.context.ServletWebServerApplicationContext.refresh(ServletWebServerApplicationContext.java:146) ~[spring-boot-3.0.2.jar:3.0.2]
	at org.springframework.boot.SpringApplication.refresh(SpringApplication.java:730) ~[spring-boot-3.0.2.jar:3.0.2]
	at org.springframework.boot.SpringApplication.refreshContext(SpringApplication.java:432) ~[spring-boot-3.0.2.jar:3.0.2]
	at org.springframework.boot.SpringApplication.run(SpringApplication.java:308) ~[spring-boot-3.0.2.jar:3.0.2]
	at org.springframework.boot.SpringApplication.run(SpringApplication.java:1302) ~[spring-boot-3.0.2.jar:3.0.2]
	at org.springframework.boot.SpringApplication.run(SpringApplication.java:1291) ~[spring-boot-3.0.2.jar:3.0.2]
	at com.lti.demo.LtiSpringbootDemoApplication.main(LtiSpringbootDemoApplication.java:10) ~[classes/:na]
	at java.base/jdk.internal.reflect.NativeMethodAccessorImpl.invoke0(Native Method) ~[na:na]
	at java.base/jdk.internal.reflect.NativeMethodAccessorImpl.invoke(NativeMethodAccessorImpl.java:77) ~[na:na]
	at java.base/jdk.internal.reflect.DelegatingMethodAccessorImpl.invoke(DelegatingMethodAccessorImpl.java:43) ~[na:na]
	at java.base/java.lang.reflect.Method.invoke(Method.java:568) ~[na:na]
	at org.springframework.boot.devtools.restart.RestartLauncher.run(RestartLauncher.java:49) ~[spring-boot-devtools-3.0.2.jar:3.0.2]
Caused by: org.springframework.beans.BeanInstantiationException: Failed to instantiate [com.lti.demo.controller.EmployeeController]: Constructor threw exception
	at org.springframework.beans.BeanUtils.instantiateClass(BeanUtils.java:223) ~[spring-beans-6.0.4.jar:6.0.4]
	at org.springframework.beans.factory.support.SimpleInstantiationStrategy.instantiate(SimpleInstantiationStrategy.java:87) ~[spring-beans-6.0.4.jar:6.0.4]
	at org.springframework.beans.factory.support.AbstractAutowireCapableBeanFactory.instantiateBean(AbstractAutowireCapableBeanFactory.java:1300) ~[spring-beans-6.0.4.jar:6.0.4]
	... 22 common frames omitted
Caused by: java.lang.Error: Unresolved compilation problems: 
	The constructor HttpHeaders() is undefined
	The method add(String, String) is undefined for the type HttpHeaders
	Cannot infer type arguments for ResponseEntity<>
	The constructor HttpHeaders() is undefined
	The method add(String, String) is undefined for the type HttpHeaders
	Cannot infer type arguments for ResponseEntity<>
	Syntax error on token ";", { expected after this token

	at com.lti.demo.controller.EmployeeController.<init>(EmployeeController.java:36) ~[classes/:na]
	at java.base/jdk.internal.reflect.NativeConstructorAccessorImpl.newInstance0(Native Method) ~[na:na]
	at java.base/jdk.internal.reflect.NativeConstructorAccessorImpl.newInstance(NativeConstructorAccessorImpl.java:77) ~[na:na]
	at java.base/jdk.internal.reflect.DelegatingConstructorAccessorImpl.newInstance(DelegatingConstructorAccessorImpl.java:45) ~[na:na]
	at java.base/java.lang.reflect.Constructor.newInstanceWithCaller(Constructor.java:499) ~[na:na]
	at java.base/java.lang.reflect.Constructor.newInstance(Constructor.java:480) ~[na:na]
	at org.springframework.beans.BeanUtils.instantiateClass(BeanUtils.java:197) ~[spring-beans-6.0.4.jar:6.0.4]
	... 24 common frames omitted

2023-02-22T15:44:42.067+05:30  INFO 17224 --- [restartedMain] c.lti.demo.LtiSpringbootDemoApplication  : Starting LtiSpringbootDemoApplication using Java 17.0.6 with PID 17224 (D:\Training WorkSpace\SpringBoot\lti-springboot-demo\lti-springboot-demo\target\classes started by 10715878 in D:\Training WorkSpace\SpringBoot\lti-springboot-demo\lti-springboot-demo)
2023-02-22T15:44:42.068+05:30  INFO 17224 --- [restartedMain] c.lti.demo.LtiSpringbootDemoApplication  : No active profile set, falling back to 1 default profile: "default"
2023-02-22T15:44:42.250+05:30  INFO 17224 --- [restartedMain] o.s.b.w.embedded.tomcat.TomcatWebServer  : Tomcat initialized with port(s): 8080 (http)
2023-02-22T15:44:42.253+05:30  INFO 17224 --- [restartedMain] o.apache.catalina.core.StandardService   : Starting service [Tomcat]
2023-02-22T15:44:42.255+05:30  INFO 17224 --- [restartedMain] o.apache.catalina.core.StandardEngine    : Starting Servlet engine: [Apache Tomcat/10.1.5]
2023-02-22T15:44:42.285+05:30  INFO 17224 --- [restartedMain] o.a.c.c.C.[Tomcat-4].[localhost].[/]     : Initializing Spring embedded WebApplicationContext
2023-02-22T15:44:42.286+05:30  INFO 17224 --- [restartedMain] w.s.c.ServletWebServerApplicationContext : Root WebApplicationContext: initialization completed in 214 ms
2023-02-22T15:44:42.294+05:30  WARN 17224 --- [restartedMain] ConfigServletWebServerApplicationContext : Exception encountered during context initialization - cancelling refresh attempt: org.springframework.beans.factory.BeanCreationException: Error creating bean with name 'employeeController' defined in file [D:\Training WorkSpace\SpringBoot\lti-springboot-demo\lti-springboot-demo\target\classes\com\lti\demo\controller\EmployeeController.class]: Failed to instantiate [com.lti.demo.controller.EmployeeController]: Constructor threw exception
2023-02-22T15:44:42.295+05:30  INFO 17224 --- [restartedMain] o.apache.catalina.core.StandardService   : Stopping service [Tomcat]
2023-02-22T15:44:42.303+05:30  INFO 17224 --- [restartedMain] .s.b.a.l.ConditionEvaluationReportLogger : 

Error starting ApplicationContext. To display the condition evaluation report re-run your application with 'debug' enabled.
2023-02-22T15:44:42.309+05:30 ERROR 17224 --- [restartedMain] o.s.boot.SpringApplication               : Application run failed

org.springframework.beans.factory.BeanCreationException: Error creating bean with name 'employeeController' defined in file [D:\Training WorkSpace\SpringBoot\lti-springboot-demo\lti-springboot-demo\target\classes\com\lti\demo\controller\EmployeeController.class]: Failed to instantiate [com.lti.demo.controller.EmployeeController]: Constructor threw exception
	at org.springframework.beans.factory.support.AbstractAutowireCapableBeanFactory.instantiateBean(AbstractAutowireCapableBeanFactory.java:1306) ~[spring-beans-6.0.4.jar:6.0.4]
	at org.springframework.beans.factory.support.AbstractAutowireCapableBeanFactory.createBeanInstance(AbstractAutowireCapableBeanFactory.java:1198) ~[spring-beans-6.0.4.jar:6.0.4]
	at org.springframework.beans.factory.support.AbstractAutowireCapableBeanFactory.doCreateBean(AbstractAutowireCapableBeanFactory.java:561) ~[spring-beans-6.0.4.jar:6.0.4]
	at org.springframework.beans.factory.support.AbstractAutowireCapableBeanFactory.createBean(AbstractAutowireCapableBeanFactory.java:521) ~[spring-beans-6.0.4.jar:6.0.4]
	at org.springframework.beans.factory.support.AbstractBeanFactory.lambda$doGetBean$0(AbstractBeanFactory.java:326) ~[spring-beans-6.0.4.jar:6.0.4]
	at org.springframework.beans.factory.support.DefaultSingletonBeanRegistry.getSingleton(DefaultSingletonBeanRegistry.java:234) ~[spring-beans-6.0.4.jar:6.0.4]
	at org.springframework.beans.factory.support.AbstractBeanFactory.doGetBean(AbstractBeanFactory.java:324) ~[spring-beans-6.0.4.jar:6.0.4]
	at org.springframework.beans.factory.support.AbstractBeanFactory.getBean(AbstractBeanFactory.java:200) ~[spring-beans-6.0.4.jar:6.0.4]
	at org.springframework.beans.factory.support.DefaultListableBeanFactory.preInstantiateSingletons(DefaultListableBeanFactory.java:961) ~[spring-beans-6.0.4.jar:6.0.4]
	at org.springframework.context.support.AbstractApplicationContext.finishBeanFactoryInitialization(AbstractApplicationContext.java:915) ~[spring-context-6.0.4.jar:6.0.4]
	at org.springframework.context.support.AbstractApplicationContext.refresh(AbstractApplicationContext.java:584) ~[spring-context-6.0.4.jar:6.0.4]
	at org.springframework.boot.web.servlet.context.ServletWebServerApplicationContext.refresh(ServletWebServerApplicationContext.java:146) ~[spring-boot-3.0.2.jar:3.0.2]
	at org.springframework.boot.SpringApplication.refresh(SpringApplication.java:730) ~[spring-boot-3.0.2.jar:3.0.2]
	at org.springframework.boot.SpringApplication.refreshContext(SpringApplication.java:432) ~[spring-boot-3.0.2.jar:3.0.2]
	at org.springframework.boot.SpringApplication.run(SpringApplication.java:308) ~[spring-boot-3.0.2.jar:3.0.2]
	at org.springframework.boot.SpringApplication.run(SpringApplication.java:1302) ~[spring-boot-3.0.2.jar:3.0.2]
	at org.springframework.boot.SpringApplication.run(SpringApplication.java:1291) ~[spring-boot-3.0.2.jar:3.0.2]
	at com.lti.demo.LtiSpringbootDemoApplication.main(LtiSpringbootDemoApplication.java:10) ~[classes/:na]
	at java.base/jdk.internal.reflect.NativeMethodAccessorImpl.invoke0(Native Method) ~[na:na]
	at java.base/jdk.internal.reflect.NativeMethodAccessorImpl.invoke(NativeMethodAccessorImpl.java:77) ~[na:na]
	at java.base/jdk.internal.reflect.DelegatingMethodAccessorImpl.invoke(DelegatingMethodAccessorImpl.java:43) ~[na:na]
	at java.base/java.lang.reflect.Method.invoke(Method.java:568) ~[na:na]
	at org.springframework.boot.devtools.restart.RestartLauncher.run(RestartLauncher.java:49) ~[spring-boot-devtools-3.0.2.jar:3.0.2]
Caused by: org.springframework.beans.BeanInstantiationException: Failed to instantiate [com.lti.demo.controller.EmployeeController]: Constructor threw exception
	at org.springframework.beans.BeanUtils.instantiateClass(BeanUtils.java:223) ~[spring-beans-6.0.4.jar:6.0.4]
	at org.springframework.beans.factory.support.SimpleInstantiationStrategy.instantiate(SimpleInstantiationStrategy.java:87) ~[spring-beans-6.0.4.jar:6.0.4]
	at org.springframework.beans.factory.support.AbstractAutowireCapableBeanFactory.instantiateBean(AbstractAutowireCapableBeanFactory.java:1300) ~[spring-beans-6.0.4.jar:6.0.4]
	... 22 common frames omitted
Caused by: java.lang.Error: Unresolved compilation problems: 
	The constructor HttpHeaders() is undefined
	The method add(String, String) is undefined for the type HttpHeaders
	Cannot infer type arguments for ResponseEntity<>
	The constructor HttpHeaders() is undefined
	The method add(String, String) is undefined for the type HttpHeaders
	Cannot infer type arguments for ResponseEntity<>
	Syntax error on token "}", delete this token

	at com.lti.demo.controller.EmployeeController.<init>(EmployeeController.java:36) ~[classes/:na]
	at java.base/jdk.internal.reflect.NativeConstructorAccessorImpl.newInstance0(Native Method) ~[na:na]
	at java.base/jdk.internal.reflect.NativeConstructorAccessorImpl.newInstance(NativeConstructorAccessorImpl.java:77) ~[na:na]
	at java.base/jdk.internal.reflect.DelegatingConstructorAccessorImpl.newInstance(DelegatingConstructorAccessorImpl.java:45) ~[na:na]
	at java.base/java.lang.reflect.Constructor.newInstanceWithCaller(Constructor.java:499) ~[na:na]
	at java.base/java.lang.reflect.Constructor.newInstance(Constructor.java:480) ~[na:na]
	at org.springframework.beans.BeanUtils.instantiateClass(BeanUtils.java:197) ~[spring-beans-6.0.4.jar:6.0.4]
	... 24 common frames omitted

2023-02-22T15:44:44.811+05:30  INFO 17224 --- [restartedMain] c.lti.demo.LtiSpringbootDemoApplication  : Starting LtiSpringbootDemoApplication using Java 17.0.6 with PID 17224 (D:\Training WorkSpace\SpringBoot\lti-springboot-demo\lti-springboot-demo\target\classes started by 10715878 in D:\Training WorkSpace\SpringBoot\lti-springboot-demo\lti-springboot-demo)
2023-02-22T15:44:44.812+05:30  INFO 17224 --- [restartedMain] c.lti.demo.LtiSpringbootDemoApplication  : No active profile set, falling back to 1 default profile: "default"
2023-02-22T15:44:45.002+05:30  INFO 17224 --- [restartedMain] o.s.b.w.embedded.tomcat.TomcatWebServer  : Tomcat initialized with port(s): 8080 (http)
2023-02-22T15:44:45.003+05:30  INFO 17224 --- [restartedMain] o.apache.catalina.core.StandardService   : Starting service [Tomcat]
2023-02-22T15:44:45.005+05:30  INFO 17224 --- [restartedMain] o.apache.catalina.core.StandardEngine    : Starting Servlet engine: [Apache Tomcat/10.1.5]
2023-02-22T15:44:45.040+05:30  INFO 17224 --- [restartedMain] o.a.c.c.C.[Tomcat-5].[localhost].[/]     : Initializing Spring embedded WebApplicationContext
2023-02-22T15:44:45.040+05:30  INFO 17224 --- [restartedMain] w.s.c.ServletWebServerApplicationContext : Root WebApplicationContext: initialization completed in 225 ms
2023-02-22T15:44:45.108+05:30  INFO 17224 --- [restartedMain] o.s.b.d.a.OptionalLiveReloadServer       : LiveReload server is running on port 35729
2023-02-22T15:44:45.119+05:30  INFO 17224 --- [restartedMain] o.s.b.w.embedded.tomcat.TomcatWebServer  : Tomcat started on port(s): 8080 (http) with context path ''
2023-02-22T15:44:45.125+05:30  INFO 17224 --- [restartedMain] c.lti.demo.LtiSpringbootDemoApplication  : Started LtiSpringbootDemoApplication in 0.342 seconds (process running for 1611.839)
2023-02-22T15:44:45.126+05:30  INFO 17224 --- [restartedMain] .ConditionEvaluationDeltaLoggingListener : Condition evaluation unchanged
2023-02-22T15:44:52.689+05:30  INFO 17224 --- [File Watcher] rtingClassPathChangeChangedEventListener : Restarting due to 1 class path change (0 additions, 0 deletions, 1 modification)
2023-02-22T15:44:52.733+05:30  INFO 17224 --- [Thread-70] o.apache.catalina.core.StandardService   : Stopping service [Tomcat]
2023-02-22T15:44:52.849+05:30  INFO 17224 --- [restartedMain] c.lti.demo.LtiSpringbootDemoApplication  : Starting LtiSpringbootDemoApplication using Java 17.0.6 with PID 17224 (D:\Training WorkSpace\SpringBoot\lti-springboot-demo\lti-springboot-demo\target\classes started by 10715878 in D:\Training WorkSpace\SpringBoot\lti-springboot-demo\lti-springboot-demo)
2023-02-22T15:44:52.849+05:30  INFO 17224 --- [restartedMain] c.lti.demo.LtiSpringbootDemoApplication  : No active profile set, falling back to 1 default profile: "default"
2023-02-22T15:44:53.050+05:30  INFO 17224 --- [restartedMain] o.s.b.w.embedded.tomcat.TomcatWebServer  : Tomcat initialized with port(s): 8080 (http)
2023-02-22T15:44:53.052+05:30  INFO 17224 --- [restartedMain] o.apache.catalina.core.StandardService   : Starting service [Tomcat]
2023-02-22T15:44:53.053+05:30  INFO 17224 --- [restartedMain] o.apache.catalina.core.StandardEngine    : Starting Servlet engine: [Apache Tomcat/10.1.5]
2023-02-22T15:44:53.087+05:30  INFO 17224 --- [restartedMain] o.a.c.c.C.[Tomcat-5].[localhost].[/]     : Initializing Spring embedded WebApplicationContext
2023-02-22T15:44:53.088+05:30  INFO 17224 --- [restartedMain] w.s.c.ServletWebServerApplicationContext : Root WebApplicationContext: initialization completed in 236 ms
2023-02-22T15:44:53.154+05:30  INFO 17224 --- [restartedMain] o.s.b.d.a.OptionalLiveReloadServer       : LiveReload server is running on port 35729
2023-02-22T15:44:53.176+05:30  INFO 17224 --- [restartedMain] o.s.b.w.embedded.tomcat.TomcatWebServer  : Tomcat started on port(s): 8080 (http) with context path ''
2023-02-22T15:44:53.180+05:30  INFO 17224 --- [restartedMain] c.lti.demo.LtiSpringbootDemoApplication  : Started LtiSpringbootDemoApplication in 0.364 seconds (process running for 1619.894)
2023-02-22T15:44:53.183+05:30  INFO 17224 --- [restartedMain] .ConditionEvaluationDeltaLoggingListener : Condition evaluation unchanged
